<?xml version="1.0" encoding="UTF-8"?>
<coverage generated="1771415949879" clover="3.2.0">
  <project timestamp="1771415949879" name="All files">
    <metrics statements="459" coveredstatements="319" conditionals="199" coveredconditionals="82" methods="107" coveredmethods="66" elements="765" coveredelements="467" complexity="0" loc="459" ncloc="459" packages="1" files="10" classes="10"/>
    <file name="CommandClassifier.ts" path="C:\Github\governed-ai-ide\src\hooks\CommandClassifier.ts">
      <metrics statements="28" coveredstatements="18" conditionals="14" coveredconditionals="7" methods="5" coveredmethods="3"/>
      <line num="11" count="1" type="stmt"/>
      <line num="23" count="1" type="stmt"/>
      <line num="34" count="1" type="stmt"/>
      <line num="42" count="1" type="stmt"/>
      <line num="56" count="1" type="stmt"/>
      <line num="65" count="10" type="stmt"/>
      <line num="67" count="10" type="cond" truecount="1" falsecount="0"/>
      <line num="68" count="1" type="stmt"/>
      <line num="71" count="9" type="cond" truecount="1" falsecount="0"/>
      <line num="72" count="6" type="stmt"/>
      <line num="76" count="3" type="cond" truecount="2" falsecount="1"/>
      <line num="77" count="0" type="cond" truecount="0" falsecount="2"/>
      <line num="78" count="0" type="stmt"/>
      <line num="79" count="0" type="cond" truecount="0" falsecount="2"/>
      <line num="82" count="3" type="cond" truecount="1" falsecount="0"/>
      <line num="83" count="3" type="stmt"/>
      <line num="87" count="0" type="stmt"/>
      <line num="95" count="7" type="stmt"/>
      <line num="109" count="10" type="stmt"/>
      <line num="110" count="10" type="stmt"/>
      <line num="111" count="10" type="cond" truecount="1" falsecount="0"/>
      <line num="112" count="10" type="stmt"/>
      <line num="115" count="0" type="stmt"/>
      <line num="125" count="0" type="stmt"/>
      <line num="126" count="0" type="stmt"/>
      <line num="127" count="0" type="cond" truecount="0" falsecount="1"/>
      <line num="128" count="0" type="stmt"/>
      <line num="131" count="0" type="stmt"/>
    </file>
    <file name="ConcurrencyGuard.ts" path="C:\Github\governed-ai-ide\src\hooks\ConcurrencyGuard.ts">
      <metrics statements="14" coveredstatements="12" conditionals="4" coveredconditionals="2" methods="3" coveredmethods="3"/>
      <line num="16" count="1" type="stmt"/>
      <line num="17" count="1" type="stmt"/>
      <line num="20" count="1" type="stmt"/>
      <line num="26" count="3" type="cond" truecount="0" falsecount="1"/>
      <line num="27" count="3" type="stmt"/>
      <line num="28" count="3" type="stmt"/>
      <line num="42" count="2" type="cond" truecount="1" falsecount="0"/>
      <line num="44" count="1" type="stmt"/>
      <line num="47" count="1" type="cond" truecount="0" falsecount="1"/>
      <line num="48" count="0" type="stmt"/>
      <line num="59" count="1" type="cond" truecount="1" falsecount="0"/>
      <line num="60" count="1" type="stmt"/>
      <line num="70" count="0" type="stmt"/>
      <line num="78" count="2" type="stmt"/>
    </file>
    <file name="ContentHasher.ts" path="C:\Github\governed-ai-ide\src\hooks\ContentHasher.ts">
      <metrics statements="39" coveredstatements="30" conditionals="14" coveredconditionals="9" methods="5" coveredmethods="4"/>
      <line num="8" count="1" type="stmt"/>
      <line num="10" count="1" type="stmt"/>
      <line num="16" count="11" type="stmt"/>
      <line num="20" count="11" type="stmt"/>
      <line num="32" count="0" type="stmt"/>
      <line num="34" count="0" type="stmt"/>
      <line num="35" count="0" type="stmt"/>
      <line num="36" count="0" type="stmt"/>
      <line num="37" count="0" type="stmt"/>
      <line num="44" count="5" type="stmt"/>
      <line num="51" count="1" type="stmt"/>
      <line num="52" count="1" type="stmt"/>
      <line num="53" count="1" type="cond" truecount="0" falsecount="1"/>
      <line num="54" count="1" type="stmt"/>
      <line num="55" count="1" type="stmt"/>
      <line num="57" count="0" type="stmt"/>
      <line num="69" count="1" type="stmt"/>
      <line num="70" count="1" type="stmt"/>
      <line num="75" count="1" type="stmt"/>
      <line num="77" count="1" type="stmt"/>
      <line num="78" count="1" type="stmt"/>
      <line num="80" count="1" type="stmt"/>
      <line num="82" count="1" type="stmt"/>
      <line num="83" count="5" type="cond" truecount="1" falsecount="1"/>
      <line num="84" count="5" type="cond" truecount="1" falsecount="1"/>
      <line num="85" count="5" type="stmt"/>
      <line num="87" count="5" type="cond" truecount="4" falsecount="0"/>
      <line num="88" count="2" type="stmt"/>
      <line num="89" count="2" type="stmt"/>
      <line num="90" count="3" type="cond" truecount="3" falsecount="0"/>
      <line num="92" count="2" type="stmt"/>
      <line num="93" count="2" type="stmt"/>
      <line num="98" count="2" type="stmt"/>
      <line num="103" count="1" type="cond" truecount="0" falsecount="1"/>
      <line num="104" count="0" type="stmt"/>
      <line num="105" count="0" type="stmt"/>
      <line num="113" count="1" type="cond" truecount="0" falsecount="1"/>
      <line num="114" count="0" type="stmt"/>
      <line num="121" count="1" type="stmt"/>
    </file>
    <file name="HookEngine.ts" path="C:\Github\governed-ai-ide\src\hooks\HookEngine.ts">
      <metrics statements="35" coveredstatements="25" conditionals="4" coveredconditionals="3" methods="12" coveredmethods="6"/>
      <line num="30" count="1" type="stmt"/>
      <line num="31" count="1" type="stmt"/>
      <line num="32" count="1" type="stmt"/>
      <line num="33" count="1" type="stmt"/>
      <line num="34" count="1" type="stmt"/>
      <line num="35" count="1" type="stmt"/>
      <line num="43" count="1" type="stmt"/>
      <line num="44" count="1" type="stmt"/>
      <line num="55" count="9" type="stmt"/>
      <line num="58" count="9" type="stmt"/>
      <line num="59" count="9" type="stmt"/>
      <line num="60" count="9" type="stmt"/>
      <line num="61" count="9" type="stmt"/>
      <line num="64" count="9" type="stmt"/>
      <line num="73" count="9" type="stmt"/>
      <line num="87" count="9" type="cond" truecount="1" falsecount="0"/>
      <line num="88" count="9" type="cond" truecount="2" falsecount="1"/>
      <line num="89" count="0" type="stmt"/>
      <line num="93" count="9" type="stmt"/>
      <line num="95" count="9" type="stmt"/>
      <line num="99" count="18" type="stmt"/>
      <line num="106" count="14" type="stmt"/>
      <line num="107" count="14" type="stmt"/>
      <line num="109" count="0" type="stmt"/>
      <line num="111" count="0" type="stmt"/>
      <line num="117" count="2" type="stmt"/>
      <line num="118" count="2" type="stmt"/>
      <line num="120" count="0" type="stmt"/>
      <line num="128" count="9" type="stmt"/>
      <line num="132" count="0" type="stmt"/>
      <line num="136" count="0" type="stmt"/>
      <line num="140" count="0" type="stmt"/>
      <line num="146" count="0" type="stmt"/>
      <line num="150" count="0" type="stmt"/>
      <line num="156" count="0" type="stmt"/>
    </file>
    <file name="IntentManager.ts" path="C:\Github\governed-ai-ide\src\hooks\IntentManager.ts">
      <metrics statements="63" coveredstatements="52" conditionals="19" coveredconditionals="9" methods="23" coveredmethods="18"/>
      <line num="8" count="1" type="stmt"/>
      <line num="9" count="1" type="stmt"/>
      <line num="10" count="1" type="stmt"/>
      <line num="11" count="1" type="stmt"/>
      <line num="19" count="1" type="stmt"/>
      <line num="25" count="9" type="stmt"/>
      <line num="26" count="9" type="stmt"/>
      <line num="30" count="9" type="stmt"/>
      <line num="37" count="30" type="cond" truecount="0" falsecount="1"/>
      <line num="38" count="0" type="stmt"/>
      <line num="40" count="30" type="stmt"/>
      <line num="41" count="30" type="stmt"/>
      <line num="42" count="30" type="cond" truecount="1" falsecount="1"/>
      <line num="47" count="24" type="stmt"/>
      <line num="48" count="26" type="cond" truecount="2" falsecount="0"/>
      <line num="53" count="0" type="stmt"/>
      <line num="54" count="0" type="stmt"/>
      <line num="59" count="8" type="stmt"/>
      <line num="60" count="8" type="cond" truecount="1" falsecount="0"/>
      <line num="61" count="7" type="cond" truecount="2" falsecount="0"/>
      <line num="71" count="3" type="stmt"/>
      <line num="72" count="3" type="cond" truecount="0" falsecount="1"/>
      <line num="75" count="3" type="cond" truecount="1" falsecount="1"/>
      <line num="79" count="3" type="stmt"/>
      <line num="80" count="4" type="stmt"/>
      <line num="88" count="6" type="stmt"/>
      <line num="93" count="6" type="stmt"/>
      <line num="94" count="6" type="stmt"/>
      <line num="99" count="6" type="stmt"/>
      <line num="100" count="6" type="stmt"/>
      <line num="101" count="6" type="cond" truecount="0" falsecount="1"/>
      <line num="103" count="6" type="stmt"/>
      <line num="108" count="6" type="stmt"/>
      <line num="109" count="6" type="stmt"/>
      <line num="114" count="6" type="stmt"/>
      <line num="119" count="0" type="stmt"/>
      <line num="124" count="0" type="stmt"/>
      <line num="125" count="0" type="stmt"/>
      <line num="126" count="0" type="cond" truecount="0" falsecount="1"/>
      <line num="127" count="0" type="stmt"/>
      <line num="132" count="0" type="stmt"/>
      <line num="143" count="6" type="stmt"/>
      <line num="144" count="6" type="cond" truecount="0" falsecount="1"/>
      <line num="145" count="0" type="stmt"/>
      <line num="148" count="6" type="stmt"/>
      <line num="149" count="6" type="stmt"/>
      <line num="152" count="6" type="stmt"/>
      <line num="153" count="12" type="stmt"/>
      <line num="156" count="6" type="stmt"/>
      <line num="157" count="6" type="stmt"/>
      <line num="160" count="6" type="cond" truecount="1" falsecount="1"/>
      <line num="161" count="6" type="stmt"/>
      <line num="164" count="6" type="stmt"/>
      <line num="198" count="1" type="stmt"/>
      <line num="199" count="1" type="cond" truecount="0" falsecount="1"/>
      <line num="200" count="0" type="stmt"/>
      <line num="203" count="1" type="stmt"/>
      <line num="204" count="1" type="stmt"/>
      <line num="205" count="1" type="stmt"/>
      <line num="208" count="1" type="stmt"/>
      <line num="212" count="1" type="cond" truecount="1" falsecount="1"/>
      <line num="216" count="1" type="stmt"/>
      <line num="217" count="1" type="stmt"/>
    </file>
    <file name="PostHookProcessor.ts" path="C:\Github\governed-ai-ide\src\hooks\PostHookProcessor.ts">
      <metrics statements="72" coveredstatements="49" conditionals="53" coveredconditionals="16" methods="9" coveredmethods="6"/>
      <line num="11" count="1" type="stmt"/>
      <line num="12" count="1" type="stmt"/>
      <line num="16" count="1" type="stmt"/>
      <line num="17" count="1" type="stmt"/>
      <line num="18" count="1" type="stmt"/>
      <line num="32" count="1" type="stmt"/>
      <line num="44" count="9" type="stmt"/>
      <line num="45" count="9" type="stmt"/>
      <line num="46" count="9" type="stmt"/>
      <line num="47" count="9" type="stmt"/>
      <line num="53" count="2" type="stmt"/>
      <line num="54" count="2" type="stmt"/>
      <line num="57" count="2" type="cond" truecount="3" falsecount="0"/>
      <line num="58" count="1" type="stmt"/>
      <line num="59" count="1" type="stmt"/>
      <line num="63" count="1" type="cond" truecount="3" falsecount="0"/>
      <line num="64" count="1" type="stmt"/>
      <line num="68" count="1" type="cond" truecount="1" falsecount="3"/>
      <line num="69" count="0" type="stmt"/>
      <line num="81" count="1" type="stmt"/>
      <line num="82" count="1" type="stmt"/>
      <line num="83" count="1" type="cond" truecount="2" falsecount="1"/>
      <line num="85" count="1" type="stmt"/>
      <line num="86" count="1" type="stmt"/>
      <line num="87" count="1" type="cond" truecount="0" falsecount="1"/>
      <line num="89" count="1" type="stmt"/>
      <line num="90" count="1" type="stmt"/>
      <line num="93" count="1" type="stmt"/>
      <line num="94" count="1" type="stmt"/>
      <line num="95" count="1" type="stmt"/>
      <line num="97" count="0" type="cond" truecount="0" falsecount="2"/>
      <line num="101" count="1" type="stmt"/>
      <line num="102" count="1" type="stmt"/>
      <line num="103" count="1" type="cond" truecount="0" falsecount="1"/>
      <line num="106" count="0" type="cond" truecount="0" falsecount="2"/>
      <line num="111" count="1" type="cond" truecount="1" falsecount="1"/>
      <line num="115" count="1" type="stmt"/>
      <line num="127" count="1" type="stmt"/>
      <line num="128" count="1" type="cond" truecount="1" falsecount="0"/>
      <line num="129" count="1" type="stmt"/>
      <line num="131" count="1" type="stmt"/>
      <line num="138" count="1" type="stmt"/>
      <line num="139" count="1" type="stmt"/>
      <line num="146" count="1" type="stmt"/>
      <line num="147" count="1" type="cond" truecount="0" falsecount="1"/>
      <line num="148" count="1" type="stmt"/>
      <line num="149" count="1" type="stmt"/>
      <line num="150" count="1" type="cond" truecount="1" falsecount="0"/>
      <line num="151" count="1" type="stmt"/>
      <line num="158" count="2" type="cond" truecount="1" falsecount="0"/>
      <line num="159" count="0" type="stmt"/>
      <line num="168" count="0" type="cond" truecount="0" falsecount="1"/>
      <line num="169" count="0" type="cond" truecount="0" falsecount="1"/>
      <line num="170" count="0" type="cond" truecount="0" falsecount="1"/>
      <line num="173" count="0" type="stmt"/>
      <line num="174" count="0" type="cond" truecount="0" falsecount="2"/>
      <line num="175" count="0" type="cond" truecount="0" falsecount="3"/>
      <line num="176" count="0" type="stmt"/>
      <line num="177" count="0" type="stmt"/>
      <line num="183" count="0" type="cond" truecount="0" falsecount="3"/>
      <line num="184" count="0" type="cond" truecount="0" falsecount="4"/>
      <line num="185" count="0" type="stmt"/>
      <line num="186" count="0" type="cond" truecount="0" falsecount="3"/>
      <line num="187" count="0" type="cond" truecount="0" falsecount="1"/>
      <line num="188" count="0" type="stmt"/>
      <line num="192" count="1" type="stmt"/>
      <line num="196" count="1" type="cond" truecount="1" falsecount="0"/>
      <line num="197" count="0" type="stmt"/>
      <line num="198" count="0" type="stmt"/>
      <line num="202" count="0" type="cond" truecount="0" falsecount="2"/>
      <line num="203" count="0" type="stmt"/>
      <line num="204" count="0" type="stmt"/>
    </file>
    <file name="PreHookProcessor.ts" path="C:\Github\governed-ai-ide\src\hooks\PreHookProcessor.ts">
      <metrics statements="86" coveredstatements="59" conditionals="60" coveredconditionals="21" methods="10" coveredmethods="5"/>
      <line num="15" count="1" type="stmt"/>
      <line num="16" count="1" type="stmt"/>
      <line num="32" count="1" type="stmt"/>
      <line num="49" count="9" type="stmt"/>
      <line num="50" count="9" type="stmt"/>
      <line num="51" count="9" type="stmt"/>
      <line num="52" count="9" type="stmt"/>
      <line num="53" count="9" type="stmt"/>
      <line num="54" count="9" type="stmt"/>
      <line num="55" count="9" type="stmt"/>
      <line num="61" count="14" type="stmt"/>
      <line num="64" count="14" type="cond" truecount="1" falsecount="0"/>
      <line num="65" count="8" type="stmt"/>
      <line num="69" count="6" type="stmt"/>
      <line num="70" count="6" type="cond" truecount="1" falsecount="0"/>
      <line num="72" count="1" type="stmt"/>
      <line num="73" count="1" type="stmt"/>
      <line num="77" count="5" type="stmt"/>
      <line num="78" count="5" type="cond" truecount="1" falsecount="0"/>
      <line num="79" count="1" type="stmt"/>
      <line num="80" count="1" type="stmt"/>
      <line num="94" count="4" type="stmt"/>
      <line num="97" count="4" type="cond" truecount="1" falsecount="0"/>
      <line num="98" count="4" type="stmt"/>
      <line num="99" count="4" type="cond" truecount="3" falsecount="0"/>
      <line num="100" count="4" type="stmt"/>
      <line num="101" count="4" type="cond" truecount="1" falsecount="0"/>
      <line num="102" count="2" type="stmt"/>
      <line num="103" count="2" type="stmt"/>
      <line num="109" count="2" type="cond" truecount="3" falsecount="0"/>
      <line num="110" count="2" type="stmt"/>
      <line num="111" count="2" type="cond" truecount="1" falsecount="0"/>
      <line num="112" count="2" type="stmt"/>
      <line num="113" count="2" type="stmt"/>
      <line num="114" count="2" type="stmt"/>
      <line num="115" count="2" type="cond" truecount="1" falsecount="0"/>
      <line num="116" count="1" type="stmt"/>
      <line num="122" count="1" type="cond" truecount="0" falsecount="1"/>
      <line num="123" count="0" type="cond" truecount="0" falsecount="1"/>
      <line num="125" count="0" type="cond" truecount="0" falsecount="3"/>
      <line num="129" count="0" type="stmt"/>
      <line num="133" count="0" type="cond" truecount="0" falsecount="1"/>
      <line num="134" count="0" type="stmt"/>
      <line num="149" count="0" type="stmt"/>
      <line num="154" count="0" type="cond" truecount="0" falsecount="3"/>
      <line num="156" count="0" type="cond" truecount="0" falsecount="2"/>
      <line num="157" count="0" type="stmt"/>
      <line num="160" count="0" type="cond" truecount="0" falsecount="1"/>
      <line num="161" count="0" type="stmt"/>
      <line num="175" count="1" type="stmt"/>
      <line num="183" count="8" type="stmt"/>
      <line num="184" count="8" type="cond" truecount="1" falsecount="1"/>
      <line num="186" count="8" type="cond" truecount="0" falsecount="1"/>
      <line num="187" count="0" type="stmt"/>
      <line num="199" count="8" type="cond" truecount="1" falsecount="0"/>
      <line num="200" count="2" type="stmt"/>
      <line num="213" count="6" type="stmt"/>
      <line num="214" count="6" type="stmt"/>
      <line num="215" count="6" type="stmt"/>
      <line num="218" count="6" type="stmt"/>
      <line num="221" count="6" type="stmt"/>
      <line num="226" count="0" type="cond" truecount="0" falsecount="4"/>
      <line num="231" count="6" type="stmt"/>
      <line num="236" count="6" type="stmt"/>
      <line num="249" count="1" type="cond" truecount="2" falsecount="1"/>
      <line num="250" count="1" type="stmt"/>
      <line num="251" count="1" type="cond" truecount="1" falsecount="0"/>
      <line num="252" count="1" type="stmt"/>
      <line num="253" count="1" type="stmt"/>
      <line num="254" count="1" type="cond" truecount="1" falsecount="0"/>
      <line num="255" count="1" type="stmt"/>
      <line num="262" count="3" type="cond" truecount="1" falsecount="0"/>
      <line num="263" count="0" type="stmt"/>
      <line num="272" count="0" type="stmt"/>
      <line num="273" count="0" type="cond" truecount="0" falsecount="1"/>
      <line num="276" count="0" type="cond" truecount="0" falsecount="2"/>
      <line num="277" count="0" type="cond" truecount="0" falsecount="3"/>
      <line num="278" count="0" type="cond" truecount="0" falsecount="3"/>
      <line num="279" count="0" type="cond" truecount="0" falsecount="1"/>
      <line num="284" count="0" type="stmt"/>
      <line num="287" count="0" type="cond" truecount="0" falsecount="2"/>
      <line num="288" count="0" type="cond" truecount="0" falsecount="2"/>
      <line num="291" count="0" type="stmt"/>
      <line num="292" count="0" type="stmt"/>
      <line num="294" count="0" type="stmt"/>
      <line num="297" count="0" type="cond" truecount="0" falsecount="2"/>
    </file>
    <file name="ScopeEnforcer.ts" path="C:\Github\governed-ai-ide\src\hooks\ScopeEnforcer.ts">
      <metrics statements="29" coveredstatements="25" conditionals="9" coveredconditionals="6" methods="9" coveredmethods="7"/>
      <line num="8" count="1" type="stmt"/>
      <line num="9" count="1" type="stmt"/>
      <line num="10" count="1" type="stmt"/>
      <line num="14" count="1" type="stmt"/>
      <line num="17" count="9" type="stmt"/>
      <line num="20" count="9" type="stmt"/>
      <line num="21" count="9" type="stmt"/>
      <line num="22" count="9" type="stmt"/>
      <line num="33" count="9" type="stmt"/>
      <line num="37" count="9" type="cond" truecount="0" falsecount="1"/>
      <line num="38" count="0" type="stmt"/>
      <line num="39" count="0" type="stmt"/>
      <line num="41" count="9" type="stmt"/>
      <line num="42" count="9" type="stmt"/>
      <line num="44" count="36" type="stmt"/>
      <line num="45" count="36" type="cond" truecount="2" falsecount="0"/>
      <line num="49" count="4" type="stmt"/>
      <line num="50" count="11" type="stmt"/>
      <line num="61" count="4" type="cond" truecount="1" falsecount="1"/>
      <line num="66" count="4" type="cond" truecount="1" falsecount="0"/>
      <line num="67" count="1" type="stmt"/>
      <line num="78" count="3" type="stmt"/>
      <line num="79" count="3" type="cond" truecount="1" falsecount="0"/>
      <line num="80" count="1" type="stmt"/>
      <line num="81" count="1" type="cond" truecount="1" falsecount="1"/>
      <line num="82" count="1" type="stmt"/>
      <line num="93" count="2" type="stmt"/>
      <line num="98" count="0" type="stmt"/>
      <line num="102" count="0" type="stmt"/>
    </file>
    <file name="StateMachine.ts" path="C:\Github\governed-ai-ide\src\hooks\StateMachine.ts">
      <metrics statements="46" coveredstatements="27" conditionals="9" coveredconditionals="6" methods="15" coveredmethods="8"/>
      <line num="14" count="1" type="stmt"/>
      <line num="17" count="1" type="stmt"/>
      <line num="18" count="9" type="stmt"/>
      <line num="26" count="9" type="stmt"/>
      <line num="27" count="9" type="stmt"/>
      <line num="37" count="9" type="stmt"/>
      <line num="38" count="9" type="stmt"/>
      <line num="43" count="17" type="cond" truecount="1" falsecount="0"/>
      <line num="44" count="17" type="stmt"/>
      <line num="46" count="0" type="stmt"/>
      <line num="48" count="0" type="stmt"/>
      <line num="49" count="0" type="stmt"/>
      <line num="50" count="0" type="stmt"/>
      <line num="54" count="6" type="cond" truecount="1" falsecount="1"/>
      <line num="64" count="6" type="stmt"/>
      <line num="65" count="6" type="stmt"/>
      <line num="66" count="6" type="stmt"/>
      <line num="67" count="6" type="stmt"/>
      <line num="68" count="6" type="stmt"/>
      <line num="69" count="6" type="stmt"/>
      <line num="70" count="6" type="stmt"/>
      <line num="78" count="3" type="stmt"/>
      <line num="79" count="3" type="stmt"/>
      <line num="80" count="3" type="stmt"/>
      <line num="81" count="3" type="stmt"/>
      <line num="82" count="3" type="stmt"/>
      <line num="89" count="0" type="stmt"/>
      <line num="96" count="0" type="stmt"/>
      <line num="97" count="0" type="stmt"/>
      <line num="98" count="0" type="stmt"/>
      <line num="99" count="0" type="stmt"/>
      <line num="100" count="0" type="stmt"/>
      <line num="101" count="0" type="stmt"/>
      <line num="102" count="0" type="stmt"/>
      <line num="109" count="3" type="stmt"/>
      <line num="110" count="3" type="stmt"/>
      <line num="111" count="3" type="stmt"/>
      <line num="116" count="3" type="stmt"/>
      <line num="117" count="3" type="cond" truecount="2" falsecount="0"/>
      <line num="123" count="0" type="stmt"/>
      <line num="124" count="0" type="stmt"/>
      <line num="128" count="0" type="stmt"/>
      <line num="129" count="0" type="stmt"/>
      <line num="133" count="0" type="cond" truecount="0" falsecount="2"/>
      <line num="140" count="0" type="stmt"/>
      <line num="144" count="0" type="stmt"/>
    </file>
    <file name="TraceLogger.ts" path="C:\Github\governed-ai-ide\src\hooks\TraceLogger.ts">
      <metrics statements="47" coveredstatements="22" conditionals="13" coveredconditionals="3" methods="16" coveredmethods="6"/>
      <line num="9" count="1" type="stmt"/>
      <line num="10" count="1" type="stmt"/>
      <line num="11" count="1" type="stmt"/>
      <line num="12" count="1" type="stmt"/>
      <line num="13" count="1" type="stmt"/>
      <line num="21" count="1" type="stmt"/>
      <line num="26" count="9" type="stmt"/>
      <line num="27" count="9" type="stmt"/>
      <line num="55" count="1" type="stmt"/>
      <line num="58" count="1" type="cond" truecount="1" falsecount="1"/>
      <line num="68" count="1" type="cond" truecount="1" falsecount="1"/>
      <line num="72" count="1" type="stmt"/>
      <line num="85" count="1" type="stmt"/>
      <line num="94" count="1" type="stmt"/>
      <line num="102" count="1" type="stmt"/>
      <line num="103" count="1" type="stmt"/>
      <line num="115" count="0" type="stmt"/>
      <line num="120" count="0" type="stmt"/>
      <line num="121" count="0" type="stmt"/>
      <line num="132" count="0" type="stmt"/>
      <line num="139" count="6" type="cond" truecount="1" falsecount="0"/>
      <line num="140" count="0" type="stmt"/>
      <line num="141" count="0" type="stmt"/>
      <line num="143" count="0" type="stmt"/>
      <line num="144" count="0" type="stmt"/>
      <line num="146" count="0" type="stmt"/>
      <line num="149" count="0" type="cond" truecount="0" falsecount="2"/>
      <line num="154" count="0" type="cond" truecount="0" falsecount="1"/>
      <line num="155" count="0" type="stmt"/>
      <line num="156" count="0" type="stmt"/>
      <line num="158" count="0" type="stmt"/>
      <line num="159" count="0" type="stmt"/>
      <line num="161" count="0" type="stmt"/>
      <line num="166" count="0" type="cond" truecount="0" falsecount="2"/>
      <line num="167" count="0" type="stmt"/>
      <line num="173" count="0" type="cond" truecount="0" falsecount="1"/>
      <line num="174" count="0" type="stmt"/>
      <line num="178" count="0" type="stmt"/>
      <line num="181" count="0" type="stmt"/>
      <line num="182" count="0" type="stmt"/>
      <line num="184" count="0" type="stmt"/>
      <line num="187" count="0" type="stmt"/>
      <line num="193" count="1" type="stmt"/>
      <line num="194" count="1" type="stmt"/>
      <line num="198" count="1" type="stmt"/>
      <line num="199" count="1" type="stmt"/>
      <line num="206" count="1" type="stmt"/>
    </file>
  </project>
</coverage>
