{"C:\\Github\\governed-ai-ide\\src\\hooks\\CommandClassifier.ts": {"path":"C:\\Github\\governed-ai-ide\\src\\hooks\\CommandClassifier.ts","statementMap":{"0":{"start":{"line":11,"column":19},"end":{"line":20,"column":2}},"1":{"start":{"line":23,"column":26},"end":{"line":31,"column":2}},"2":{"start":{"line":34,"column":23},"end":{"line":39,"column":2}},"3":{"start":{"line":42,"column":33},"end":{"line":54,"column":2}},"4":{"start":{"line":65,"column":23},"end":{"line":65,"column":67}},"5":{"start":{"line":67,"column":4},"end":{"line":69,"column":5}},"6":{"start":{"line":68,"column":6},"end":{"line":68,"column":24}},"7":{"start":{"line":71,"column":4},"end":{"line":73,"column":5}},"8":{"start":{"line":72,"column":6},"end":{"line":72,"column":27}},"9":{"start":{"line":76,"column":4},"end":{"line":80,"column":5}},"10":{"start":{"line":77,"column":19},"end":{"line":77,"column":57}},"11":{"start":{"line":78,"column":26},"end":{"line":78,"column":75}},"12":{"start":{"line":78,"column":63},"end":{"line":78,"column":74}},"13":{"start":{"line":79,"column":6},"end":{"line":79,"column":54}},"14":{"start":{"line":82,"column":4},"end":{"line":84,"column":5}},"15":{"start":{"line":83,"column":6},"end":{"line":83,"column":20}},"16":{"start":{"line":87,"column":4},"end":{"line":87,"column":25}},"17":{"start":{"line":95,"column":4},"end":{"line":97,"column":6}},"18":{"start":{"line":109,"column":23},"end":{"line":109,"column":78}},"19":{"start":{"line":110,"column":4},"end":{"line":114,"column":5}},"20":{"start":{"line":111,"column":6},"end":{"line":113,"column":7}},"21":{"start":{"line":112,"column":8},"end":{"line":112,"column":41}},"22":{"start":{"line":115,"column":4},"end":{"line":115,"column":16}},"23":{"start":{"line":125,"column":23},"end":{"line":125,"column":79}},"24":{"start":{"line":126,"column":4},"end":{"line":130,"column":5}},"25":{"start":{"line":127,"column":6},"end":{"line":129,"column":7}},"26":{"start":{"line":128,"column":8},"end":{"line":128,"column":41}},"27":{"start":{"line":131,"column":4},"end":{"line":131,"column":16}},"28":{"start":{"line":56,"column":0},"end":{"line":56,"column":13}}},"fnMap":{"0":{"name":"(anonymous_0)","decl":{"start":{"line":61,"column":2},"end":{"line":61,"column":8}},"loc":{"start":{"line":63,"column":39},"end":{"line":88,"column":3}}},"1":{"name":"(anonymous_1)","decl":{"start":{"line":78,"column":56},"end":{"line":78,"column":57}},"loc":{"start":{"line":78,"column":63},"end":{"line":78,"column":74}}},"2":{"name":"(anonymous_2)","decl":{"start":{"line":94,"column":2},"end":{"line":94,"column":8}},"loc":{"start":{"line":94,"column":36},"end":{"line":98,"column":3}}},"3":{"name":"(anonymous_3)","decl":{"start":{"line":104,"column":2},"end":{"line":104,"column":8}},"loc":{"start":{"line":106,"column":39},"end":{"line":116,"column":3}}},"4":{"name":"(anonymous_4)","decl":{"start":{"line":121,"column":2},"end":{"line":121,"column":8}},"loc":{"start":{"line":123,"column":39},"end":{"line":132,"column":3}}}},"branchMap":{"0":{"loc":{"start":{"line":67,"column":4},"end":{"line":69,"column":5}},"type":"if","locations":[{"start":{"line":67,"column":4},"end":{"line":69,"column":5}}]},"1":{"loc":{"start":{"line":71,"column":4},"end":{"line":73,"column":5}},"type":"if","locations":[{"start":{"line":71,"column":4},"end":{"line":73,"column":5}}]},"2":{"loc":{"start":{"line":76,"column":4},"end":{"line":80,"column":5}},"type":"if","locations":[{"start":{"line":76,"column":4},"end":{"line":80,"column":5}}]},"3":{"loc":{"start":{"line":76,"column":8},"end":{"line":76,"column":81}},"type":"binary-expr","locations":[{"start":{"line":76,"column":8},"end":{"line":76,"column":40}},{"start":{"line":76,"column":44},"end":{"line":76,"column":81}}]},"4":{"loc":{"start":{"line":77,"column":19},"end":{"line":77,"column":57}},"type":"binary-expr","locations":[{"start":{"line":77,"column":19},"end":{"line":77,"column":51}},{"start":{"line":77,"column":55},"end":{"line":77,"column":57}}]},"5":{"loc":{"start":{"line":79,"column":13},"end":{"line":79,"column":53}},"type":"cond-expr","locations":[{"start":{"line":79,"column":27},"end":{"line":79,"column":37}},{"start":{"line":79,"column":40},"end":{"line":79,"column":53}}]},"6":{"loc":{"start":{"line":82,"column":4},"end":{"line":84,"column":5}},"type":"if","locations":[{"start":{"line":82,"column":4},"end":{"line":84,"column":5}}]},"7":{"loc":{"start":{"line":96,"column":6},"end":{"line":96,"column":69}},"type":"binary-expr","locations":[{"start":{"line":96,"column":6},"end":{"line":96,"column":37}},{"start":{"line":96,"column":41},"end":{"line":96,"column":69}}]},"8":{"loc":{"start":{"line":111,"column":6},"end":{"line":113,"column":7}},"type":"if","locations":[{"start":{"line":111,"column":6},"end":{"line":113,"column":7}}]},"9":{"loc":{"start":{"line":127,"column":6},"end":{"line":129,"column":7}},"type":"if","locations":[{"start":{"line":127,"column":6},"end":{"line":129,"column":7}}]}},"s":{"0":1,"1":1,"2":1,"3":1,"4":10,"5":10,"6":1,"7":9,"8":6,"9":3,"10":0,"11":0,"12":0,"13":0,"14":3,"15":3,"16":0,"17":7,"18":10,"19":10,"20":10,"21":10,"22":0,"23":0,"24":0,"25":0,"26":0,"27":0,"28":1},"f":{"0":10,"1":0,"2":7,"3":10,"4":0},"b":{"0":[1],"1":[6],"2":[0],"3":[3,3],"4":[0,0],"5":[0,0],"6":[3],"7":[7,0],"8":[10],"9":[0]}}
,"C:\\Github\\governed-ai-ide\\src\\hooks\\ConcurrencyGuard.ts": {"path":"C:\\Github\\governed-ai-ide\\src\\hooks\\ConcurrencyGuard.ts","statementMap":{"0":{"start":{"line":16,"column":0},"end":{"line":16,"column":25}},"1":{"start":{"line":17,"column":0},"end":{"line":17,"column":48}},"2":{"start":{"line":26,"column":4},"end":{"line":26,"column":50}},"3":{"start":{"line":26,"column":38},"end":{"line":26,"column":50}},"4":{"start":{"line":27,"column":21},"end":{"line":27,"column":58}},"5":{"start":{"line":28,"column":4},"end":{"line":28,"column":44}},"6":{"start":{"line":42,"column":4},"end":{"line":42,"column":43}},"7":{"start":{"line":42,"column":31},"end":{"line":42,"column":43}},"8":{"start":{"line":44,"column":24},"end":{"line":44,"column":69}},"9":{"start":{"line":47,"column":4},"end":{"line":56,"column":5}},"10":{"start":{"line":48,"column":6},"end":{"line":55,"column":8}},"11":{"start":{"line":59,"column":4},"end":{"line":68,"column":5}},"12":{"start":{"line":60,"column":6},"end":{"line":67,"column":8}},"13":{"start":{"line":70,"column":4},"end":{"line":70,"column":16}},"14":{"start":{"line":78,"column":4},"end":{"line":78,"column":57}},"15":{"start":{"line":20,"column":0},"end":{"line":20,"column":13}}},"fnMap":{"0":{"name":"(anonymous_9)","decl":{"start":{"line":25,"column":2},"end":{"line":25,"column":8}},"loc":{"start":{"line":25,"column":44},"end":{"line":29,"column":3}}},"1":{"name":"(anonymous_10)","decl":{"start":{"line":37,"column":2},"end":{"line":37,"column":8}},"loc":{"start":{"line":39,"column":31},"end":{"line":71,"column":3}}},"2":{"name":"(anonymous_11)","decl":{"start":{"line":77,"column":2},"end":{"line":77,"column":8}},"loc":{"start":{"line":77,"column":44},"end":{"line":79,"column":3}}}},"branchMap":{"0":{"loc":{"start":{"line":26,"column":4},"end":{"line":26,"column":50}},"type":"if","locations":[{"start":{"line":26,"column":4},"end":{"line":26,"column":50}}]},"1":{"loc":{"start":{"line":42,"column":4},"end":{"line":42,"column":43}},"type":"if","locations":[{"start":{"line":42,"column":4},"end":{"line":42,"column":43}}]},"2":{"loc":{"start":{"line":47,"column":4},"end":{"line":56,"column":5}},"type":"if","locations":[{"start":{"line":47,"column":4},"end":{"line":56,"column":5}}]},"3":{"loc":{"start":{"line":59,"column":4},"end":{"line":68,"column":5}},"type":"if","locations":[{"start":{"line":59,"column":4},"end":{"line":68,"column":5}}]}},"s":{"0":1,"1":1,"2":3,"3":0,"4":3,"5":3,"6":2,"7":1,"8":1,"9":1,"10":0,"11":1,"12":1,"13":0,"14":2,"15":1},"f":{"0":3,"1":2,"2":2},"b":{"0":[0],"1":[1],"2":[0],"3":[1]}}
,"C:\\Github\\governed-ai-ide\\src\\hooks\\ContentHasher.ts": {"path":"C:\\Github\\governed-ai-ide\\src\\hooks\\ContentHasher.ts","statementMap":{"0":{"start":{"line":8,"column":0},"end":{"line":8,"column":33}},"1":{"start":{"line":16,"column":19},"end":{"line":19,"column":20}},"2":{"start":{"line":20,"column":4},"end":{"line":20,"column":30}},"3":{"start":{"line":32,"column":18},"end":{"line":32,"column":42}},"4":{"start":{"line":34,"column":18},"end":{"line":34,"column":45}},"5":{"start":{"line":35,"column":16},"end":{"line":35,"column":48}},"6":{"start":{"line":36,"column":18},"end":{"line":36,"column":52}},"7":{"start":{"line":37,"column":4},"end":{"line":37,"column":37}},"8":{"start":{"line":44,"column":4},"end":{"line":44,"column":44}},"9":{"start":{"line":51,"column":14},"end":{"line":51,"column":62}},"10":{"start":{"line":52,"column":14},"end":{"line":52,"column":62}},"11":{"start":{"line":53,"column":4},"end":{"line":53,"column":44}},"12":{"start":{"line":53,"column":31},"end":{"line":53,"column":44}},"13":{"start":{"line":54,"column":4},"end":{"line":58,"column":5}},"14":{"start":{"line":55,"column":6},"end":{"line":55,"column":42}},"15":{"start":{"line":57,"column":6},"end":{"line":57,"column":29}},"16":{"start":{"line":69,"column":21},"end":{"line":69,"column":43}},"17":{"start":{"line":70,"column":21},"end":{"line":70,"column":43}},"18":{"start":{"line":75,"column":9},"end":{"line":75,"column":11}},"19":{"start":{"line":77,"column":17},"end":{"line":77,"column":22}},"20":{"start":{"line":78,"column":20},"end":{"line":78,"column":21}},"21":{"start":{"line":80,"column":19},"end":{"line":80,"column":61}},"22":{"start":{"line":82,"column":4},"end":{"line":100,"column":5}},"23":{"start":{"line":82,"column":17},"end":{"line":82,"column":18}},"24":{"start":{"line":83,"column":22},"end":{"line":83,"column":39}},"25":{"start":{"line":84,"column":22},"end":{"line":84,"column":39}},"26":{"start":{"line":85,"column":22},"end":{"line":85,"column":41}},"27":{"start":{"line":87,"column":6},"end":{"line":99,"column":7}},"28":{"start":{"line":88,"column":8},"end":{"line":88,"column":22}},"29":{"start":{"line":89,"column":8},"end":{"line":89,"column":22}},"30":{"start":{"line":90,"column":13},"end":{"line":99,"column":7}},"31":{"start":{"line":92,"column":22},"end":{"line":92,"column":61}},"32":{"start":{"line":93,"column":8},"end":{"line":97,"column":11}},"33":{"start":{"line":98,"column":8},"end":{"line":98,"column":23}},"34":{"start":{"line":103,"column":4},"end":{"line":110,"column":5}},"35":{"start":{"line":104,"column":20},"end":{"line":104,"column":56}},"36":{"start":{"line":105,"column":6},"end":{"line":109,"column":9}},"37":{"start":{"line":113,"column":4},"end":{"line":119,"column":5}},"38":{"start":{"line":114,"column":6},"end":{"line":118,"column":9}},"39":{"start":{"line":121,"column":4},"end":{"line":121,"column":18}},"40":{"start":{"line":10,"column":0},"end":{"line":10,"column":13}}},"fnMap":{"0":{"name":"(anonymous_9)","decl":{"start":{"line":15,"column":2},"end":{"line":15,"column":8}},"loc":{"start":{"line":15,"column":29},"end":{"line":21,"column":3}}},"1":{"name":"(anonymous_10)","decl":{"start":{"line":27,"column":2},"end":{"line":27,"column":8}},"loc":{"start":{"line":30,"column":20},"end":{"line":38,"column":3}}},"2":{"name":"(anonymous_11)","decl":{"start":{"line":43,"column":2},"end":{"line":43,"column":8}},"loc":{"start":{"line":43,"column":38},"end":{"line":45,"column":3}}},"3":{"name":"(anonymous_12)","decl":{"start":{"line":50,"column":2},"end":{"line":50,"column":8}},"loc":{"start":{"line":50,"column":45},"end":{"line":59,"column":3}}},"4":{"name":"(anonymous_13)","decl":{"start":{"line":65,"column":2},"end":{"line":65,"column":8}},"loc":{"start":{"line":67,"column":22},"end":{"line":122,"column":3}}}},"branchMap":{"0":{"loc":{"start":{"line":53,"column":4},"end":{"line":53,"column":44}},"type":"if","locations":[{"start":{"line":53,"column":4},"end":{"line":53,"column":44}}]},"1":{"loc":{"start":{"line":83,"column":22},"end":{"line":83,"column":39}},"type":"binary-expr","locations":[{"start":{"line":83,"column":22},"end":{"line":83,"column":33}},{"start":{"line":83,"column":37},"end":{"line":83,"column":39}}]},"2":{"loc":{"start":{"line":84,"column":22},"end":{"line":84,"column":39}},"type":"binary-expr","locations":[{"start":{"line":84,"column":22},"end":{"line":84,"column":33}},{"start":{"line":84,"column":37},"end":{"line":84,"column":39}}]},"3":{"loc":{"start":{"line":87,"column":6},"end":{"line":99,"column":7}},"type":"if","locations":[{"start":{"line":87,"column":6},"end":{"line":99,"column":7}},{"start":{"line":90,"column":13},"end":{"line":99,"column":7}}]},"4":{"loc":{"start":{"line":87,"column":10},"end":{"line":87,"column":28}},"type":"binary-expr","locations":[{"start":{"line":87,"column":10},"end":{"line":87,"column":17}},{"start":{"line":87,"column":21},"end":{"line":87,"column":28}}]},"5":{"loc":{"start":{"line":90,"column":13},"end":{"line":99,"column":7}},"type":"if","locations":[{"start":{"line":90,"column":13},"end":{"line":99,"column":7}}]},"6":{"loc":{"start":{"line":90,"column":17},"end":{"line":90,"column":35}},"type":"binary-expr","locations":[{"start":{"line":90,"column":17},"end":{"line":90,"column":25}},{"start":{"line":90,"column":29},"end":{"line":90,"column":35}}]},"7":{"loc":{"start":{"line":103,"column":4},"end":{"line":110,"column":5}},"type":"if","locations":[{"start":{"line":103,"column":4},"end":{"line":110,"column":5}}]},"8":{"loc":{"start":{"line":113,"column":4},"end":{"line":119,"column":5}},"type":"if","locations":[{"start":{"line":113,"column":4},"end":{"line":119,"column":5}}]}},"s":{"0":1,"1":11,"2":11,"3":0,"4":0,"5":0,"6":0,"7":0,"8":5,"9":1,"10":1,"11":1,"12":0,"13":1,"14":1,"15":0,"16":1,"17":1,"18":1,"19":1,"20":1,"21":1,"22":1,"23":1,"24":5,"25":5,"26":5,"27":5,"28":2,"29":2,"30":3,"31":2,"32":2,"33":2,"34":1,"35":0,"36":0,"37":1,"38":0,"39":1,"40":1},"f":{"0":11,"1":0,"2":5,"3":1,"4":1},"b":{"0":[0],"1":[5,0],"2":[5,0],"3":[2,3],"4":[5,2],"5":[2],"6":[3,3],"7":[0],"8":[0]}}
,"C:\\Github\\governed-ai-ide\\src\\hooks\\HookEngine.ts": {"path":"C:\\Github\\governed-ai-ide\\src\\hooks\\HookEngine.ts","statementMap":{"0":{"start":{"line":30,"column":0},"end":{"line":30,"column":70}},"1":{"start":{"line":31,"column":0},"end":{"line":31,"column":73}},"2":{"start":{"line":32,"column":0},"end":{"line":32,"column":48}},"3":{"start":{"line":33,"column":0},"end":{"line":33,"column":46}},"4":{"start":{"line":34,"column":0},"end":{"line":34,"column":48}},"5":{"start":{"line":35,"column":0},"end":{"line":35,"column":44}},"6":{"start":{"line":55,"column":4},"end":{"line":55,"column":25}},"7":{"start":{"line":58,"column":4},"end":{"line":58,"column":51}},"8":{"start":{"line":59,"column":4},"end":{"line":59,"column":43}},"9":{"start":{"line":60,"column":4},"end":{"line":60,"column":71}},"10":{"start":{"line":61,"column":4},"end":{"line":61,"column":47}},"11":{"start":{"line":64,"column":4},"end":{"line":71,"column":6}},"12":{"start":{"line":73,"column":4},"end":{"line":78,"column":6}},"13":{"start":{"line":87,"column":4},"end":{"line":94,"column":5}},"14":{"start":{"line":88,"column":6},"end":{"line":92,"column":7}},"15":{"start":{"line":89,"column":8},"end":{"line":91,"column":10}},"16":{"start":{"line":93,"column":6},"end":{"line":93,"column":72}},"17":{"start":{"line":95,"column":4},"end":{"line":95,"column":31}},"18":{"start":{"line":99,"column":4},"end":{"line":99,"column":31}},"19":{"start":{"line":106,"column":4},"end":{"line":112,"column":5}},"20":{"start":{"line":107,"column":6},"end":{"line":107,"column":49}},"21":{"start":{"line":109,"column":6},"end":{"line":109,"column":56}},"22":{"start":{"line":111,"column":6},"end":{"line":111,"column":31}},"23":{"start":{"line":117,"column":4},"end":{"line":122,"column":5}},"24":{"start":{"line":118,"column":6},"end":{"line":118,"column":39}},"25":{"start":{"line":120,"column":6},"end":{"line":120,"column":57}},"26":{"start":{"line":128,"column":4},"end":{"line":128,"column":55}},"27":{"start":{"line":132,"column":4},"end":{"line":132,"column":51}},"28":{"start":{"line":136,"column":4},"end":{"line":136,"column":46}},"29":{"start":{"line":140,"column":4},"end":{"line":140,"column":39}},"30":{"start":{"line":146,"column":4},"end":{"line":146,"column":30}},"31":{"start":{"line":150,"column":4},"end":{"line":150,"column":28}},"32":{"start":{"line":156,"column":4},"end":{"line":165,"column":6}},"33":{"start":{"line":43,"column":0},"end":{"line":43,"column":13}},"34":{"start":{"line":44,"column":17},"end":{"line":44,"column":52}}},"fnMap":{"0":{"name":"(anonymous_0)","decl":{"start":{"line":54,"column":2},"end":{"line":54,"column":14}},"loc":{"start":{"line":54,"column":75},"end":{"line":79,"column":3}}},"1":{"name":"(anonymous_1)","decl":{"start":{"line":83,"column":2},"end":{"line":83,"column":8}},"loc":{"start":{"line":85,"column":40},"end":{"line":96,"column":3}}},"2":{"name":"(anonymous_2)","decl":{"start":{"line":98,"column":2},"end":{"line":98,"column":8}},"loc":{"start":{"line":98,"column":14},"end":{"line":100,"column":3}}},"3":{"name":"(anonymous_3)","decl":{"start":{"line":105,"column":2},"end":{"line":105,"column":7}},"loc":{"start":{"line":105,"column":43},"end":{"line":113,"column":3}}},"4":{"name":"(anonymous_4)","decl":{"start":{"line":116,"column":2},"end":{"line":116,"column":7}},"loc":{"start":{"line":116,"column":40},"end":{"line":123,"column":3}}},"5":{"name":"(anonymous_5)","decl":{"start":{"line":127,"column":2},"end":{"line":127,"column":15}},"loc":{"start":{"line":127,"column":35},"end":{"line":129,"column":3}}},"6":{"name":"(anonymous_6)","decl":{"start":{"line":131,"column":2},"end":{"line":131,"column":12}},"loc":{"start":{"line":131,"column":30},"end":{"line":133,"column":3}}},"7":{"name":"(anonymous_7)","decl":{"start":{"line":135,"column":2},"end":{"line":135,"column":16}},"loc":{"start":{"line":135,"column":16},"end":{"line":137,"column":3}}},"8":{"name":"(anonymous_8)","decl":{"start":{"line":139,"column":2},"end":{"line":139,"column":14}},"loc":{"start":{"line":139,"column":32},"end":{"line":141,"column":3}}},"9":{"name":"(anonymous_9)","decl":{"start":{"line":145,"column":2},"end":{"line":145,"column":18}},"loc":{"start":{"line":145,"column":18},"end":{"line":147,"column":3}}},"10":{"name":"(anonymous_10)","decl":{"start":{"line":149,"column":2},"end":{"line":149,"column":16}},"loc":{"start":{"line":149,"column":16},"end":{"line":151,"column":3}}},"11":{"name":"(anonymous_11)","decl":{"start":{"line":155,"column":2},"end":{"line":155,"column":11}},"loc":{"start":{"line":155,"column":11},"end":{"line":166,"column":3}}}},"branchMap":{"0":{"loc":{"start":{"line":87,"column":4},"end":{"line":94,"column":5}},"type":"if","locations":[{"start":{"line":87,"column":4},"end":{"line":94,"column":5}}]},"1":{"loc":{"start":{"line":88,"column":6},"end":{"line":92,"column":7}},"type":"if","locations":[{"start":{"line":88,"column":6},"end":{"line":92,"column":7}}]},"2":{"loc":{"start":{"line":88,"column":10},"end":{"line":88,"column":41}},"type":"binary-expr","locations":[{"start":{"line":88,"column":10},"end":{"line":88,"column":17}},{"start":{"line":88,"column":21},"end":{"line":88,"column":41}}]}},"s":{"0":1,"1":1,"2":1,"3":1,"4":1,"5":1,"6":9,"7":9,"8":9,"9":9,"10":9,"11":9,"12":9,"13":9,"14":9,"15":0,"16":9,"17":9,"18":18,"19":14,"20":14,"21":0,"22":0,"23":2,"24":2,"25":0,"26":9,"27":0,"28":0,"29":0,"30":0,"31":0,"32":0,"33":1,"34":1},"f":{"0":9,"1":9,"2":18,"3":14,"4":2,"5":9,"6":0,"7":0,"8":0,"9":0,"10":0,"11":0},"b":{"0":[9],"1":[0],"2":[9,9]}}
,"C:\\Github\\governed-ai-ide\\src\\hooks\\IntentManager.ts": {"path":"C:\\Github\\governed-ai-ide\\src\\hooks\\IntentManager.ts","statementMap":{"0":{"start":{"line":8,"column":0},"end":{"line":8,"column":25}},"1":{"start":{"line":9,"column":0},"end":{"line":9,"column":29}},"2":{"start":{"line":10,"column":0},"end":{"line":10,"column":32}},"3":{"start":{"line":11,"column":0},"end":{"line":11,"column":38}},"4":{"start":{"line":25,"column":4},"end":{"line":25,"column":25}},"5":{"start":{"line":26,"column":4},"end":{"line":29,"column":6}},"6":{"start":{"line":30,"column":4},"end":{"line":30,"column":77}},"7":{"start":{"line":37,"column":4},"end":{"line":39,"column":5}},"8":{"start":{"line":38,"column":6},"end":{"line":38,"column":36}},"9":{"start":{"line":40,"column":16},"end":{"line":40,"column":57}},"10":{"start":{"line":41,"column":19},"end":{"line":41,"column":54}},"11":{"start":{"line":42,"column":4},"end":{"line":42,"column":44}},"12":{"start":{"line":47,"column":31},"end":{"line":47,"column":45}},"13":{"start":{"line":48,"column":4},"end":{"line":48,"column":65}},"14":{"start":{"line":48,"column":38},"end":{"line":48,"column":55}},"15":{"start":{"line":53,"column":31},"end":{"line":53,"column":45}},"16":{"start":{"line":54,"column":4},"end":{"line":54,"column":61}},"17":{"start":{"line":54,"column":40},"end":{"line":54,"column":59}},"18":{"start":{"line":59,"column":19},"end":{"line":59,"column":41}},"19":{"start":{"line":60,"column":4},"end":{"line":60,"column":30}},"20":{"start":{"line":60,"column":17},"end":{"line":60,"column":30}},"21":{"start":{"line":61,"column":4},"end":{"line":61,"column":73}},"22":{"start":{"line":71,"column":19},"end":{"line":71,"column":41}},"23":{"start":{"line":72,"column":4},"end":{"line":72,"column":30}},"24":{"start":{"line":72,"column":17},"end":{"line":72,"column":30}},"25":{"start":{"line":75,"column":20},"end":{"line":77,"column":16}},"26":{"start":{"line":79,"column":4},"end":{"line":81,"column":6}},"27":{"start":{"line":80,"column":6},"end":{"line":80,"column":65}},"28":{"start":{"line":88,"column":20},"end":{"line":92,"column":6}},"29":{"start":{"line":93,"column":4},"end":{"line":93,"column":70}},"30":{"start":{"line":94,"column":4},"end":{"line":94,"column":56}},"31":{"start":{"line":99,"column":17},"end":{"line":99,"column":31}},"32":{"start":{"line":100,"column":16},"end":{"line":100,"column":71}},"33":{"start":{"line":100,"column":53},"end":{"line":100,"column":70}},"34":{"start":{"line":101,"column":4},"end":{"line":101,"column":33}},"35":{"start":{"line":101,"column":20},"end":{"line":101,"column":33}},"36":{"start":{"line":103,"column":4},"end":{"line":107,"column":6}},"37":{"start":{"line":108,"column":4},"end":{"line":108,"column":20}},"38":{"start":{"line":109,"column":4},"end":{"line":109,"column":16}},"39":{"start":{"line":114,"column":4},"end":{"line":114,"column":66}},"40":{"start":{"line":119,"column":4},"end":{"line":119,"column":63}},"41":{"start":{"line":124,"column":17},"end":{"line":124,"column":31}},"42":{"start":{"line":125,"column":19},"end":{"line":125,"column":70}},"43":{"start":{"line":125,"column":51},"end":{"line":125,"column":69}},"44":{"start":{"line":126,"column":4},"end":{"line":126,"column":70}},"45":{"start":{"line":126,"column":16},"end":{"line":126,"column":70}},"46":{"start":{"line":127,"column":4},"end":{"line":131,"column":7}},"47":{"start":{"line":132,"column":4},"end":{"line":132,"column":20}},"48":{"start":{"line":143,"column":19},"end":{"line":143,"column":41}},"49":{"start":{"line":144,"column":4},"end":{"line":146,"column":5}},"50":{"start":{"line":145,"column":6},"end":{"line":145,"column":98}},"51":{"start":{"line":148,"column":28},"end":{"line":150,"column":17}},"52":{"start":{"line":149,"column":18},"end":{"line":149,"column":53}},"53":{"start":{"line":152,"column":23},"end":{"line":154,"column":17}},"54":{"start":{"line":153,"column":18},"end":{"line":153,"column":41}},"55":{"start":{"line":156,"column":26},"end":{"line":158,"column":17}},"56":{"start":{"line":157,"column":19},"end":{"line":157,"column":53}},"57":{"start":{"line":160,"column":25},"end":{"line":162,"column":17}},"58":{"start":{"line":161,"column":18},"end":{"line":161,"column":55}},"59":{"start":{"line":164,"column":4},"end":{"line":187,"column":19}},"60":{"start":{"line":198,"column":19},"end":{"line":198,"column":21}},"61":{"start":{"line":199,"column":4},"end":{"line":201,"column":5}},"62":{"start":{"line":200,"column":6},"end":{"line":200,"column":61}},"63":{"start":{"line":203,"column":19},"end":{"line":203,"column":50}},"64":{"start":{"line":204,"column":21},"end":{"line":204,"column":62}},"65":{"start":{"line":204,"column":38},"end":{"line":204,"column":50}},"66":{"start":{"line":205,"column":18},"end":{"line":205,"column":88}},"67":{"start":{"line":208,"column":18},"end":{"line":210,"column":null}},"68":{"start":{"line":212,"column":20},"end":{"line":214,"column":24}},"69":{"start":{"line":216,"column":4},"end":{"line":216,"column":72}},"70":{"start":{"line":217,"column":4},"end":{"line":217,"column":58}},"71":{"start":{"line":19,"column":0},"end":{"line":19,"column":13}}},"fnMap":{"0":{"name":"(anonymous_9)","decl":{"start":{"line":24,"column":2},"end":{"line":24,"column":14}},"loc":{"start":{"line":24,"column":38},"end":{"line":31,"column":3}}},"1":{"name":"(anonymous_10)","decl":{"start":{"line":36,"column":2},"end":{"line":36,"column":9}},"loc":{"start":{"line":36,"column":9},"end":{"line":43,"column":3}}},"2":{"name":"(anonymous_11)","decl":{"start":{"line":46,"column":2},"end":{"line":46,"column":9}},"loc":{"start":{"line":46,"column":26},"end":{"line":49,"column":3}}},"3":{"name":"(anonymous_12)","decl":{"start":{"line":48,"column":31},"end":{"line":48,"column":32}},"loc":{"start":{"line":48,"column":38},"end":{"line":48,"column":55}}},"4":{"name":"(anonymous_13)","decl":{"start":{"line":52,"column":2},"end":{"line":52,"column":13}},"loc":{"start":{"line":52,"column":34},"end":{"line":55,"column":3}}},"5":{"name":"(anonymous_14)","decl":{"start":{"line":54,"column":33},"end":{"line":54,"column":34}},"loc":{"start":{"line":54,"column":40},"end":{"line":54,"column":59}}},"6":{"name":"(anonymous_15)","decl":{"start":{"line":58,"column":2},"end":{"line":58,"column":15}},"loc":{"start":{"line":58,"column":32},"end":{"line":62,"column":3}}},"7":{"name":"(anonymous_16)","decl":{"start":{"line":70,"column":2},"end":{"line":70,"column":15}},"loc":{"start":{"line":70,"column":50},"end":{"line":82,"column":3}}},"8":{"name":"(anonymous_17)","decl":{"start":{"line":79,"column":35},"end":{"line":79,"column":36}},"loc":{"start":{"line":80,"column":6},"end":{"line":80,"column":65}}},"9":{"name":"(anonymous_18)","decl":{"start":{"line":87,"column":10},"end":{"line":87,"column":14}},"loc":{"start":{"line":87,"column":38},"end":{"line":95,"column":3}}},"10":{"name":"(anonymous_19)","decl":{"start":{"line":98,"column":2},"end":{"line":98,"column":14}},"loc":{"start":{"line":98,"column":63},"end":{"line":110,"column":3}}},"11":{"name":"(anonymous_20)","decl":{"start":{"line":100,"column":46},"end":{"line":100,"column":47}},"loc":{"start":{"line":100,"column":53},"end":{"line":100,"column":70}}},"12":{"name":"(anonymous_21)","decl":{"start":{"line":113,"column":2},"end":{"line":113,"column":16}},"loc":{"start":{"line":113,"column":33},"end":{"line":115,"column":3}}},"13":{"name":"(anonymous_22)","decl":{"start":{"line":118,"column":2},"end":{"line":118,"column":14}},"loc":{"start":{"line":118,"column":31},"end":{"line":120,"column":3}}},"14":{"name":"(anonymous_23)","decl":{"start":{"line":123,"column":2},"end":{"line":123,"column":11}},"loc":{"start":{"line":123,"column":32},"end":{"line":133,"column":3}}},"15":{"name":"(anonymous_24)","decl":{"start":{"line":125,"column":44},"end":{"line":125,"column":45}},"loc":{"start":{"line":125,"column":51},"end":{"line":125,"column":69}}},"16":{"name":"(anonymous_25)","decl":{"start":{"line":142,"column":2},"end":{"line":142,"column":19}},"loc":{"start":{"line":142,"column":36},"end":{"line":188,"column":3}}},"17":{"name":"(anonymous_26)","decl":{"start":{"line":149,"column":11},"end":{"line":149,"column":12}},"loc":{"start":{"line":149,"column":18},"end":{"line":149,"column":53}}},"18":{"name":"(anonymous_27)","decl":{"start":{"line":153,"column":11},"end":{"line":153,"column":12}},"loc":{"start":{"line":153,"column":18},"end":{"line":153,"column":41}}},"19":{"name":"(anonymous_28)","decl":{"start":{"line":157,"column":11},"end":{"line":157,"column":12}},"loc":{"start":{"line":157,"column":19},"end":{"line":157,"column":53}}},"20":{"name":"(anonymous_29)","decl":{"start":{"line":161,"column":11},"end":{"line":161,"column":12}},"loc":{"start":{"line":161,"column":18},"end":{"line":161,"column":55}}},"21":{"name":"(anonymous_30)","decl":{"start":{"line":193,"column":2},"end":{"line":193,"column":17}},"loc":{"start":{"line":196,"column":19},"end":{"line":218,"column":3}}},"22":{"name":"(anonymous_31)","decl":{"start":{"line":204,"column":31},"end":{"line":204,"column":32}},"loc":{"start":{"line":204,"column":38},"end":{"line":204,"column":50}}}},"branchMap":{"0":{"loc":{"start":{"line":37,"column":4},"end":{"line":39,"column":5}},"type":"if","locations":[{"start":{"line":37,"column":4},"end":{"line":39,"column":5}}]},"1":{"loc":{"start":{"line":42,"column":11},"end":{"line":42,"column":43}},"type":"binary-expr","locations":[{"start":{"line":42,"column":11},"end":{"line":42,"column":17}},{"start":{"line":42,"column":21},"end":{"line":42,"column":43}}]},"2":{"loc":{"start":{"line":48,"column":11},"end":{"line":48,"column":64}},"type":"binary-expr","locations":[{"start":{"line":48,"column":11},"end":{"line":48,"column":56}},{"start":{"line":48,"column":60},"end":{"line":48,"column":64}}]},"3":{"loc":{"start":{"line":60,"column":4},"end":{"line":60,"column":30}},"type":"if","locations":[{"start":{"line":60,"column":4},"end":{"line":60,"column":30}}]},"4":{"loc":{"start":{"line":61,"column":11},"end":{"line":61,"column":72}},"type":"binary-expr","locations":[{"start":{"line":61,"column":11},"end":{"line":61,"column":39}},{"start":{"line":61,"column":43},"end":{"line":61,"column":72}}]},"5":{"loc":{"start":{"line":72,"column":4},"end":{"line":72,"column":30}},"type":"if","locations":[{"start":{"line":72,"column":4},"end":{"line":72,"column":30}}]},"6":{"loc":{"start":{"line":75,"column":20},"end":{"line":77,"column":16}},"type":"cond-expr","locations":[{"start":{"line":76,"column":8},"end":{"line":76,"column":58}},{"start":{"line":77,"column":8},"end":{"line":77,"column":16}}]},"7":{"loc":{"start":{"line":101,"column":4},"end":{"line":101,"column":33}},"type":"if","locations":[{"start":{"line":101,"column":4},"end":{"line":101,"column":33}}]},"8":{"loc":{"start":{"line":126,"column":4},"end":{"line":126,"column":70}},"type":"if","locations":[{"start":{"line":126,"column":4},"end":{"line":126,"column":70}}]},"9":{"loc":{"start":{"line":144,"column":4},"end":{"line":146,"column":5}},"type":"if","locations":[{"start":{"line":144,"column":4},"end":{"line":146,"column":5}}]},"10":{"loc":{"start":{"line":160,"column":26},"end":{"line":160,"column":59}},"type":"binary-expr","locations":[{"start":{"line":160,"column":26},"end":{"line":160,"column":53}},{"start":{"line":160,"column":57},"end":{"line":160,"column":59}}]},"11":{"loc":{"start":{"line":199,"column":4},"end":{"line":201,"column":5}},"type":"if","locations":[{"start":{"line":199,"column":4},"end":{"line":201,"column":5}}]},"12":{"loc":{"start":{"line":212,"column":20},"end":{"line":214,"column":24}},"type":"cond-expr","locations":[{"start":{"line":213,"column":8},"end":{"line":213,"column":38}},{"start":{"line":214,"column":8},"end":{"line":214,"column":24}}]}},"s":{"0":1,"1":1,"2":1,"3":1,"4":9,"5":9,"6":9,"7":30,"8":0,"9":30,"10":30,"11":30,"12":24,"13":24,"14":26,"15":0,"16":0,"17":0,"18":8,"19":8,"20":1,"21":7,"22":3,"23":3,"24":0,"25":3,"26":3,"27":4,"28":6,"29":6,"30":6,"31":6,"32":6,"33":6,"34":6,"35":0,"36":6,"37":6,"38":6,"39":6,"40":0,"41":0,"42":0,"43":0,"44":0,"45":0,"46":0,"47":0,"48":6,"49":6,"50":0,"51":6,"52":6,"53":6,"54":12,"55":6,"56":6,"57":6,"58":6,"59":6,"60":1,"61":1,"62":0,"63":1,"64":1,"65":1,"66":1,"67":1,"68":1,"69":1,"70":1,"71":1},"f":{"0":9,"1":30,"2":24,"3":26,"4":0,"5":0,"6":8,"7":3,"8":4,"9":6,"10":6,"11":6,"12":6,"13":0,"14":0,"15":0,"16":6,"17":6,"18":12,"19":6,"20":6,"21":1,"22":1},"b":{"0":[0],"1":[30,0],"2":[24,1],"3":[1],"4":[7,6],"5":[0],"6":[0,3],"7":[0],"8":[0],"9":[0],"10":[6,0],"11":[0],"12":[0,1]}}
,"C:\\Github\\governed-ai-ide\\src\\hooks\\PostHookProcessor.ts": {"path":"C:\\Github\\governed-ai-ide\\src\\hooks\\PostHookProcessor.ts","statementMap":{"0":{"start":{"line":11,"column":0},"end":{"line":11,"column":25}},"1":{"start":{"line":12,"column":0},"end":{"line":12,"column":29}},"2":{"start":{"line":16,"column":0},"end":{"line":16,"column":56}},"3":{"start":{"line":17,"column":0},"end":{"line":17,"column":54}},"4":{"start":{"line":18,"column":0},"end":{"line":18,"column":48}},"5":{"start":{"line":44,"column":4},"end":{"line":44,"column":25}},"6":{"start":{"line":45,"column":4},"end":{"line":45,"column":35}},"7":{"start":{"line":46,"column":4},"end":{"line":46,"column":39}},"8":{"start":{"line":47,"column":4},"end":{"line":47,"column":37}},"9":{"start":{"line":53,"column":48},"end":{"line":53,"column":51}},"10":{"start":{"line":54,"column":20},"end":{"line":54,"column":59}},"11":{"start":{"line":57,"column":4},"end":{"line":60,"column":5}},"12":{"start":{"line":58,"column":6},"end":{"line":58,"column":53}},"13":{"start":{"line":59,"column":6},"end":{"line":59,"column":13}},"14":{"start":{"line":63,"column":4},"end":{"line":65,"column":5}},"15":{"start":{"line":64,"column":6},"end":{"line":64,"column":38}},"16":{"start":{"line":68,"column":4},"end":{"line":75,"column":5}},"17":{"start":{"line":69,"column":6},"end":{"line":74,"column":9}},"18":{"start":{"line":81,"column":63},"end":{"line":81,"column":66}},"19":{"start":{"line":82,"column":20},"end":{"line":82,"column":59}},"20":{"start":{"line":83,"column":4},"end":{"line":83,"column":66}},"21":{"start":{"line":83,"column":59},"end":{"line":83,"column":66}},"22":{"start":{"line":85,"column":21},"end":{"line":85,"column":43}},"23":{"start":{"line":86,"column":21},"end":{"line":86,"column":78}},"24":{"start":{"line":87,"column":4},"end":{"line":87,"column":26}},"25":{"start":{"line":87,"column":19},"end":{"line":87,"column":26}},"26":{"start":{"line":89,"column":25},"end":{"line":89,"column":55}},"27":{"start":{"line":90,"column":20},"end":{"line":90,"column":74}},"28":{"start":{"line":93,"column":21},"end":{"line":93,"column":23}},"29":{"start":{"line":94,"column":4},"end":{"line":98,"column":5}},"30":{"start":{"line":95,"column":6},"end":{"line":95,"column":57}},"31":{"start":{"line":97,"column":6},"end":{"line":97,"column":82}},"32":{"start":{"line":101,"column":20},"end":{"line":101,"column":74}},"33":{"start":{"line":102,"column":36},"end":{"line":102,"column":40}},"34":{"start":{"line":103,"column":4},"end":{"line":107,"column":5}},"35":{"start":{"line":106,"column":6},"end":{"line":106,"column":65}},"36":{"start":{"line":111,"column":6},"end":{"line":112,"column":88}},"37":{"start":{"line":115,"column":4},"end":{"line":124,"column":7}},"38":{"start":{"line":127,"column":26},"end":{"line":127,"column":63}},"39":{"start":{"line":128,"column":4},"end":{"line":130,"column":5}},"40":{"start":{"line":129,"column":6},"end":{"line":129,"column":34}},"41":{"start":{"line":131,"column":4},"end":{"line":135,"column":6}},"42":{"start":{"line":138,"column":20},"end":{"line":138,"column":54}},"43":{"start":{"line":139,"column":4},"end":{"line":139,"column":69}},"44":{"start":{"line":146,"column":21},"end":{"line":146,"column":81}},"45":{"start":{"line":147,"column":4},"end":{"line":147,"column":26}},"46":{"start":{"line":147,"column":19},"end":{"line":147,"column":26}},"47":{"start":{"line":148,"column":25},"end":{"line":148,"column":55}},"48":{"start":{"line":149,"column":17},"end":{"line":149,"column":62}},"49":{"start":{"line":150,"column":4},"end":{"line":152,"column":5}},"50":{"start":{"line":151,"column":6},"end":{"line":151,"column":68}},"51":{"start":{"line":158,"column":4},"end":{"line":158,"column":51}},"52":{"start":{"line":158,"column":35},"end":{"line":158,"column":51}},"53":{"start":{"line":159,"column":4},"end":{"line":159,"column":58}},"54":{"start":{"line":168,"column":4},"end":{"line":168,"column":73}},"55":{"start":{"line":168,"column":59},"end":{"line":168,"column":73}},"56":{"start":{"line":169,"column":4},"end":{"line":169,"column":67}},"57":{"start":{"line":169,"column":44},"end":{"line":169,"column":67}},"58":{"start":{"line":170,"column":4},"end":{"line":173,"column":22}},"59":{"start":{"line":173,"column":6},"end":{"line":173,"column":22}},"60":{"start":{"line":174,"column":20},"end":{"line":174,"column":80}},"61":{"start":{"line":175,"column":4},"end":{"line":176,"column":23}},"62":{"start":{"line":176,"column":6},"end":{"line":176,"column":23}},"63":{"start":{"line":177,"column":4},"end":{"line":177,"column":26}},"64":{"start":{"line":183,"column":4},"end":{"line":183,"column":76}},"65":{"start":{"line":183,"column":62},"end":{"line":183,"column":76}},"66":{"start":{"line":184,"column":4},"end":{"line":185,"column":20}},"67":{"start":{"line":185,"column":6},"end":{"line":185,"column":20}},"68":{"start":{"line":186,"column":4},"end":{"line":186,"column":79}},"69":{"start":{"line":186,"column":64},"end":{"line":186,"column":79}},"70":{"start":{"line":187,"column":4},"end":{"line":187,"column":59}},"71":{"start":{"line":187,"column":34},"end":{"line":187,"column":59}},"72":{"start":{"line":188,"column":4},"end":{"line":188,"column":19}},"73":{"start":{"line":192,"column":26},"end":{"line":194,"column":null}},"74":{"start":{"line":196,"column":4},"end":{"line":196,"column":49}},"75":{"start":{"line":196,"column":39},"end":{"line":196,"column":49}},"76":{"start":{"line":197,"column":20},"end":{"line":197,"column":58}},"77":{"start":{"line":198,"column":18},"end":{"line":200,"column":null}},"78":{"start":{"line":202,"column":20},"end":{"line":202,"column":51}},"79":{"start":{"line":203,"column":24},"end":{"line":203,"column":56}},"80":{"start":{"line":204,"column":4},"end":{"line":204,"column":52}},"81":{"start":{"line":204,"column":46},"end":{"line":204,"column":50}},"82":{"start":{"line":32,"column":0},"end":{"line":32,"column":13}}},"fnMap":{"0":{"name":"(anonymous_9)","decl":{"start":{"line":38,"column":2},"end":{"line":38,"column":null}},"loc":{"start":{"line":42,"column":30},"end":{"line":48,"column":3}}},"1":{"name":"(anonymous_10)","decl":{"start":{"line":52,"column":2},"end":{"line":52,"column":7}},"loc":{"start":{"line":52,"column":36},"end":{"line":76,"column":3}}},"2":{"name":"(anonymous_11)","decl":{"start":{"line":80,"column":10},"end":{"line":80,"column":15}},"loc":{"start":{"line":80,"column":52},"end":{"line":140,"column":3}}},"3":{"name":"(anonymous_12)","decl":{"start":{"line":142,"column":10},"end":{"line":142,"column":28}},"loc":{"start":{"line":144,"column":21},"end":{"line":153,"column":3}}},"4":{"name":"(anonymous_13)","decl":{"start":{"line":157,"column":10},"end":{"line":157,"column":25}},"loc":{"start":{"line":157,"column":42},"end":{"line":160,"column":3}}},"5":{"name":"(anonymous_14)","decl":{"start":{"line":162,"column":10},"end":{"line":162,"column":28}},"loc":{"start":{"line":166,"column":22},"end":{"line":178,"column":3}}},"6":{"name":"(anonymous_15)","decl":{"start":{"line":180,"column":10},"end":{"line":180,"column":26}},"loc":{"start":{"line":181,"column":18},"end":{"line":189,"column":3}}},"7":{"name":"(anonymous_16)","decl":{"start":{"line":191,"column":10},"end":{"line":191,"column":32}},"loc":{"start":{"line":191,"column":49},"end":{"line":205,"column":3}}},"8":{"name":"(anonymous_17)","decl":{"start":{"line":204,"column":39},"end":{"line":204,"column":40}},"loc":{"start":{"line":204,"column":46},"end":{"line":204,"column":50}}}},"branchMap":{"0":{"loc":{"start":{"line":57,"column":4},"end":{"line":60,"column":5}},"type":"if","locations":[{"start":{"line":57,"column":4},"end":{"line":60,"column":5}}]},"1":{"loc":{"start":{"line":57,"column":8},"end":{"line":57,"column":63}},"type":"binary-expr","locations":[{"start":{"line":57,"column":8},"end":{"line":57,"column":32}},{"start":{"line":57,"column":36},"end":{"line":57,"column":63}}]},"2":{"loc":{"start":{"line":63,"column":4},"end":{"line":65,"column":5}},"type":"if","locations":[{"start":{"line":63,"column":4},"end":{"line":65,"column":5}}]},"3":{"loc":{"start":{"line":63,"column":8},"end":{"line":63,"column":73}},"type":"binary-expr","locations":[{"start":{"line":63,"column":8},"end":{"line":63,"column":46}},{"start":{"line":63,"column":50},"end":{"line":63,"column":73}}]},"4":{"loc":{"start":{"line":68,"column":4},"end":{"line":75,"column":5}},"type":"if","locations":[{"start":{"line":68,"column":4},"end":{"line":75,"column":5}}]},"5":{"loc":{"start":{"line":68,"column":8},"end":{"line":68,"column":78}},"type":"binary-expr","locations":[{"start":{"line":68,"column":8},"end":{"line":68,"column":30}},{"start":{"line":68,"column":34},"end":{"line":68,"column":51}},{"start":{"line":68,"column":55},"end":{"line":68,"column":78}}]},"6":{"loc":{"start":{"line":73,"column":43},"end":{"line":73,"column":78}},"type":"binary-expr","locations":[{"start":{"line":73,"column":43},"end":{"line":73,"column":72}},{"start":{"line":73,"column":76},"end":{"line":73,"column":78}}]},"7":{"loc":{"start":{"line":83,"column":4},"end":{"line":83,"column":66}},"type":"if","locations":[{"start":{"line":83,"column":4},"end":{"line":83,"column":66}}]},"8":{"loc":{"start":{"line":83,"column":8},"end":{"line":83,"column":57}},"type":"binary-expr","locations":[{"start":{"line":83,"column":8},"end":{"line":83,"column":32}},{"start":{"line":83,"column":36},"end":{"line":83,"column":57}}]},"9":{"loc":{"start":{"line":87,"column":4},"end":{"line":87,"column":26}},"type":"if","locations":[{"start":{"line":87,"column":4},"end":{"line":87,"column":26}}]},"10":{"loc":{"start":{"line":97,"column":19},"end":{"line":97,"column":81}},"type":"binary-expr","locations":[{"start":{"line":97,"column":20},"end":{"line":97,"column":74}},{"start":{"line":97,"column":79},"end":{"line":97,"column":81}}]},"11":{"loc":{"start":{"line":103,"column":4},"end":{"line":107,"column":5}},"type":"if","locations":[{"start":{"line":103,"column":4},"end":{"line":107,"column":5}}]},"12":{"loc":{"start":{"line":106,"column":20},"end":{"line":106,"column":64}},"type":"binary-expr","locations":[{"start":{"line":106,"column":20},"end":{"line":106,"column":56}},{"start":{"line":106,"column":60},"end":{"line":106,"column":64}}]},"13":{"loc":{"start":{"line":111,"column":6},"end":{"line":112,"column":88}},"type":"binary-expr","locations":[{"start":{"line":111,"column":6},"end":{"line":111,"column":19}},{"start":{"line":112,"column":6},"end":{"line":112,"column":88}}]},"14":{"loc":{"start":{"line":122,"column":23},"end":{"line":122,"column":73}},"type":"binary-expr","locations":[{"start":{"line":122,"column":23},"end":{"line":122,"column":50}},{"start":{"line":122,"column":54},"end":{"line":122,"column":73}}]},"15":{"loc":{"start":{"line":123,"column":27},"end":{"line":123,"column":74}},"type":"binary-expr","locations":[{"start":{"line":123,"column":27},"end":{"line":123,"column":68}},{"start":{"line":123,"column":72},"end":{"line":123,"column":74}}]},"16":{"loc":{"start":{"line":128,"column":4},"end":{"line":130,"column":5}},"type":"if","locations":[{"start":{"line":128,"column":4},"end":{"line":130,"column":5}}]},"17":{"loc":{"start":{"line":147,"column":4},"end":{"line":147,"column":26}},"type":"if","locations":[{"start":{"line":147,"column":4},"end":{"line":147,"column":26}}]},"18":{"loc":{"start":{"line":150,"column":4},"end":{"line":152,"column":5}},"type":"if","locations":[{"start":{"line":150,"column":4},"end":{"line":152,"column":5}}]},"19":{"loc":{"start":{"line":158,"column":4},"end":{"line":158,"column":51}},"type":"if","locations":[{"start":{"line":158,"column":4},"end":{"line":158,"column":51}}]},"20":{"loc":{"start":{"line":168,"column":4},"end":{"line":168,"column":73}},"type":"if","locations":[{"start":{"line":168,"column":4},"end":{"line":168,"column":73}}]},"21":{"loc":{"start":{"line":169,"column":4},"end":{"line":169,"column":67}},"type":"if","locations":[{"start":{"line":169,"column":4},"end":{"line":169,"column":67}}]},"22":{"loc":{"start":{"line":170,"column":4},"end":{"line":173,"column":22}},"type":"if","locations":[{"start":{"line":170,"column":4},"end":{"line":173,"column":22}}]},"23":{"loc":{"start":{"line":174,"column":20},"end":{"line":174,"column":80}},"type":"binary-expr","locations":[{"start":{"line":174,"column":20},"end":{"line":174,"column":74}},{"start":{"line":174,"column":78},"end":{"line":174,"column":80}}]},"24":{"loc":{"start":{"line":175,"column":4},"end":{"line":176,"column":23}},"type":"if","locations":[{"start":{"line":175,"column":4},"end":{"line":176,"column":23}}]},"25":{"loc":{"start":{"line":175,"column":8},"end":{"line":175,"column":64}},"type":"binary-expr","locations":[{"start":{"line":175,"column":8},"end":{"line":175,"column":34}},{"start":{"line":175,"column":38},"end":{"line":175,"column":64}}]},"26":{"loc":{"start":{"line":183,"column":4},"end":{"line":183,"column":76}},"type":"if","locations":[{"start":{"line":183,"column":4},"end":{"line":183,"column":76}}]},"27":{"loc":{"start":{"line":183,"column":8},"end":{"line":183,"column":60}},"type":"binary-expr","locations":[{"start":{"line":183,"column":8},"end":{"line":183,"column":31}},{"start":{"line":183,"column":35},"end":{"line":183,"column":60}}]},"28":{"loc":{"start":{"line":184,"column":4},"end":{"line":185,"column":20}},"type":"if","locations":[{"start":{"line":184,"column":4},"end":{"line":185,"column":20}}]},"29":{"loc":{"start":{"line":184,"column":8},"end":{"line":184,"column":86}},"type":"binary-expr","locations":[{"start":{"line":184,"column":8},"end":{"line":184,"column":31}},{"start":{"line":184,"column":35},"end":{"line":184,"column":58}},{"start":{"line":184,"column":62},"end":{"line":184,"column":86}}]},"30":{"loc":{"start":{"line":186,"column":4},"end":{"line":186,"column":79}},"type":"if","locations":[{"start":{"line":186,"column":4},"end":{"line":186,"column":79}}]},"31":{"loc":{"start":{"line":186,"column":8},"end":{"line":186,"column":62}},"type":"binary-expr","locations":[{"start":{"line":186,"column":8},"end":{"line":186,"column":32}},{"start":{"line":186,"column":36},"end":{"line":186,"column":62}}]},"32":{"loc":{"start":{"line":187,"column":4},"end":{"line":187,"column":59}},"type":"if","locations":[{"start":{"line":187,"column":4},"end":{"line":187,"column":59}}]},"33":{"loc":{"start":{"line":196,"column":4},"end":{"line":196,"column":49}},"type":"if","locations":[{"start":{"line":196,"column":4},"end":{"line":196,"column":49}}]},"34":{"loc":{"start":{"line":202,"column":20},"end":{"line":202,"column":51}},"type":"binary-expr","locations":[{"start":{"line":202,"column":20},"end":{"line":202,"column":45}},{"start":{"line":202,"column":49},"end":{"line":202,"column":51}}]}},"s":{"0":1,"1":1,"2":1,"3":1,"4":1,"5":9,"6":9,"7":9,"8":9,"9":2,"10":2,"11":2,"12":1,"13":1,"14":1,"15":1,"16":1,"17":0,"18":1,"19":1,"20":1,"21":0,"22":1,"23":1,"24":1,"25":0,"26":1,"27":1,"28":1,"29":1,"30":1,"31":0,"32":1,"33":1,"34":1,"35":0,"36":1,"37":1,"38":1,"39":1,"40":1,"41":1,"42":1,"43":1,"44":1,"45":1,"46":0,"47":1,"48":1,"49":1,"50":1,"51":2,"52":2,"53":0,"54":0,"55":0,"56":0,"57":0,"58":0,"59":0,"60":0,"61":0,"62":0,"63":0,"64":0,"65":0,"66":0,"67":0,"68":0,"69":0,"70":0,"71":0,"72":0,"73":1,"74":1,"75":1,"76":0,"77":0,"78":0,"79":0,"80":0,"81":0,"82":1},"f":{"0":9,"1":2,"2":1,"3":1,"4":2,"5":0,"6":0,"7":1,"8":0},"b":{"0":[1],"1":[2,1],"2":[1],"3":[1,1],"4":[0],"5":[1,0,0],"6":[0,0],"7":[0],"8":[1,1],"9":[0],"10":[0,0],"11":[0],"12":[0,0],"13":[1,0],"14":[1,0],"15":[1,0],"16":[1],"17":[0],"18":[1],"19":[2],"20":[0],"21":[0],"22":[0],"23":[0,0],"24":[0],"25":[0,0],"26":[0],"27":[0,0],"28":[0],"29":[0,0,0],"30":[0],"31":[0,0],"32":[0],"33":[1],"34":[0,0]}}
,"C:\\Github\\governed-ai-ide\\src\\hooks\\PreHookProcessor.ts": {"path":"C:\\Github\\governed-ai-ide\\src\\hooks\\PreHookProcessor.ts","statementMap":{"0":{"start":{"line":15,"column":0},"end":{"line":15,"column":54}},"1":{"start":{"line":16,"column":0},"end":{"line":16,"column":56}},"2":{"start":{"line":49,"column":4},"end":{"line":49,"column":25}},"3":{"start":{"line":50,"column":4},"end":{"line":50,"column":39}},"4":{"start":{"line":51,"column":4},"end":{"line":51,"column":37}},"5":{"start":{"line":52,"column":4},"end":{"line":52,"column":39}},"6":{"start":{"line":53,"column":4},"end":{"line":53,"column":45}},"7":{"start":{"line":54,"column":4},"end":{"line":54,"column":35}},"8":{"start":{"line":55,"column":4},"end":{"line":55,"column":51}},"9":{"start":{"line":61,"column":48},"end":{"line":61,"column":55}},"10":{"start":{"line":64,"column":4},"end":{"line":66,"column":5}},"11":{"start":{"line":65,"column":6},"end":{"line":65,"column":52}},"12":{"start":{"line":69,"column":17},"end":{"line":69,"column":65}},"13":{"start":{"line":70,"column":4},"end":{"line":74,"column":5}},"14":{"start":{"line":72,"column":6},"end":{"line":72,"column":63}},"15":{"start":{"line":73,"column":6},"end":{"line":73,"column":31}},"16":{"start":{"line":77,"column":20},"end":{"line":77,"column":60}},"17":{"start":{"line":78,"column":4},"end":{"line":92,"column":5}},"18":{"start":{"line":79,"column":6},"end":{"line":79,"column":55}},"19":{"start":{"line":80,"column":6},"end":{"line":91,"column":8}},"20":{"start":{"line":94,"column":25},"end":{"line":94,"column":46}},"21":{"start":{"line":97,"column":4},"end":{"line":106,"column":5}},"22":{"start":{"line":98,"column":25},"end":{"line":98,"column":82}},"23":{"start":{"line":99,"column":6},"end":{"line":105,"column":7}},"24":{"start":{"line":100,"column":27},"end":{"line":100,"column":82}},"25":{"start":{"line":101,"column":8},"end":{"line":104,"column":9}},"26":{"start":{"line":102,"column":10},"end":{"line":102,"column":59}},"27":{"start":{"line":103,"column":10},"end":{"line":103,"column":55}},"28":{"start":{"line":109,"column":4},"end":{"line":119,"column":5}},"29":{"start":{"line":110,"column":25},"end":{"line":110,"column":82}},"30":{"start":{"line":111,"column":6},"end":{"line":118,"column":7}},"31":{"start":{"line":112,"column":29},"end":{"line":112,"column":61}},"32":{"start":{"line":113,"column":25},"end":{"line":113,"column":79}},"33":{"start":{"line":114,"column":26},"end":{"line":114,"column":85}},"34":{"start":{"line":115,"column":8},"end":{"line":117,"column":9}},"35":{"start":{"line":116,"column":10},"end":{"line":116,"column":54}},"36":{"start":{"line":122,"column":4},"end":{"line":173,"column":5}},"37":{"start":{"line":123,"column":6},"end":{"line":146,"column":7}},"38":{"start":{"line":125,"column":11},"end":{"line":127,"column":18}},"39":{"start":{"line":129,"column":25},"end":{"line":130,"column":null}},"40":{"start":{"line":133,"column":8},"end":{"line":145,"column":9}},"41":{"start":{"line":134,"column":10},"end":{"line":144,"column":12}},"42":{"start":{"line":149,"column":28},"end":{"line":152,"column":null}},"43":{"start":{"line":154,"column":6},"end":{"line":172,"column":7}},"44":{"start":{"line":156,"column":10},"end":{"line":156,"column":80}},"45":{"start":{"line":157,"column":25},"end":{"line":158,"column":null}},"46":{"start":{"line":160,"column":8},"end":{"line":171,"column":9}},"47":{"start":{"line":161,"column":10},"end":{"line":170,"column":12}},"48":{"start":{"line":175,"column":4},"end":{"line":175,"column":29}},"49":{"start":{"line":183,"column":38},"end":{"line":183,"column":45}},"50":{"start":{"line":184,"column":22},"end":{"line":184,"column":62}},"51":{"start":{"line":186,"column":4},"end":{"line":197,"column":5}},"52":{"start":{"line":187,"column":6},"end":{"line":196,"column":8}},"53":{"start":{"line":199,"column":4},"end":{"line":211,"column":5}},"54":{"start":{"line":200,"column":6},"end":{"line":210,"column":8}},"55":{"start":{"line":213,"column":19},"end":{"line":213,"column":56}},"56":{"start":{"line":214,"column":4},"end":{"line":214,"column":60}},"57":{"start":{"line":215,"column":4},"end":{"line":215,"column":48}},"58":{"start":{"line":218,"column":25},"end":{"line":218,"column":71}},"59":{"start":{"line":221,"column":24},"end":{"line":228,"column":17}},"60":{"start":{"line":226,"column":10},"end":{"line":226,"column":105}},"61":{"start":{"line":231,"column":6},"end":{"line":234,"column":13}},"62":{"start":{"line":236,"column":4},"end":{"line":239,"column":6}},"63":{"start":{"line":249,"column":4},"end":{"line":258,"column":5}},"64":{"start":{"line":250,"column":23},"end":{"line":250,"column":80}},"65":{"start":{"line":251,"column":6},"end":{"line":257,"column":7}},"66":{"start":{"line":252,"column":29},"end":{"line":252,"column":59}},"67":{"start":{"line":253,"column":21},"end":{"line":253,"column":66}},"68":{"start":{"line":254,"column":8},"end":{"line":256,"column":9}},"69":{"start":{"line":255,"column":10},"end":{"line":255,"column":72}},"70":{"start":{"line":262,"column":4},"end":{"line":262,"column":62}},"71":{"start":{"line":262,"column":46},"end":{"line":262,"column":62}},"72":{"start":{"line":263,"column":4},"end":{"line":263,"column":69}},"73":{"start":{"line":272,"column":20},"end":{"line":272,"column":74}},"74":{"start":{"line":273,"column":4},"end":{"line":273,"column":35}},"75":{"start":{"line":273,"column":18},"end":{"line":273,"column":35}},"76":{"start":{"line":276,"column":21},"end":{"line":276,"column":84}},"77":{"start":{"line":277,"column":4},"end":{"line":277,"column":78}},"78":{"start":{"line":277,"column":64},"end":{"line":277,"column":78}},"79":{"start":{"line":278,"column":4},"end":{"line":278,"column":88}},"80":{"start":{"line":278,"column":65},"end":{"line":278,"column":88}},"81":{"start":{"line":279,"column":4},"end":{"line":284,"column":22}},"82":{"start":{"line":284,"column":6},"end":{"line":284,"column":22}},"83":{"start":{"line":287,"column":23},"end":{"line":289,"column":22}},"84":{"start":{"line":288,"column":18},"end":{"line":288,"column":44}},"85":{"start":{"line":291,"column":27},"end":{"line":291,"column":71}},"86":{"start":{"line":292,"column":31},"end":{"line":294,"column":null}},"87":{"start":{"line":294,"column":8},"end":{"line":294,"column":68}},"88":{"start":{"line":294,"column":37},"end":{"line":294,"column":67}},"89":{"start":{"line":297,"column":4},"end":{"line":297,"column":68}},"90":{"start":{"line":32,"column":0},"end":{"line":32,"column":13}}},"fnMap":{"0":{"name":"(anonymous_0)","decl":{"start":{"line":41,"column":2},"end":{"line":41,"column":null}},"loc":{"start":{"line":47,"column":39},"end":{"line":56,"column":3}}},"1":{"name":"(anonymous_1)","decl":{"start":{"line":60,"column":2},"end":{"line":60,"column":7}},"loc":{"start":{"line":60,"column":40},"end":{"line":176,"column":3}}},"2":{"name":"(anonymous_2)","decl":{"start":{"line":180,"column":10},"end":{"line":180,"column":15}},"loc":{"start":{"line":181,"column":28},"end":{"line":240,"column":3}}},"3":{"name":"(anonymous_3)","decl":{"start":{"line":225,"column":8},"end":{"line":225,"column":9}},"loc":{"start":{"line":226,"column":10},"end":{"line":226,"column":105}}},"4":{"name":"(anonymous_4)","decl":{"start":{"line":244,"column":10},"end":{"line":244,"column":28}},"loc":{"start":{"line":247,"column":21},"end":{"line":259,"column":3}}},"5":{"name":"(anonymous_5)","decl":{"start":{"line":261,"column":10},"end":{"line":261,"column":25}},"loc":{"start":{"line":261,"column":42},"end":{"line":264,"column":3}}},"6":{"name":"(anonymous_6)","decl":{"start":{"line":266,"column":10},"end":{"line":266,"column":28}},"loc":{"start":{"line":269,"column":30},"end":{"line":298,"column":3}}},"7":{"name":"(anonymous_7)","decl":{"start":{"line":288,"column":11},"end":{"line":288,"column":12}},"loc":{"start":{"line":288,"column":18},"end":{"line":288,"column":44}}},"8":{"name":"(anonymous_8)","decl":{"start":{"line":293,"column":6},"end":{"line":293,"column":7}},"loc":{"start":{"line":294,"column":8},"end":{"line":294,"column":68}}},"9":{"name":"(anonymous_9)","decl":{"start":{"line":294,"column":29},"end":{"line":294,"column":30}},"loc":{"start":{"line":294,"column":37},"end":{"line":294,"column":67}}}},"branchMap":{"0":{"loc":{"start":{"line":64,"column":4},"end":{"line":66,"column":5}},"type":"if","locations":[{"start":{"line":64,"column":4},"end":{"line":66,"column":5}}]},"1":{"loc":{"start":{"line":70,"column":4},"end":{"line":74,"column":5}},"type":"if","locations":[{"start":{"line":70,"column":4},"end":{"line":74,"column":5}}]},"2":{"loc":{"start":{"line":78,"column":4},"end":{"line":92,"column":5}},"type":"if","locations":[{"start":{"line":78,"column":4},"end":{"line":92,"column":5}}]},"3":{"loc":{"start":{"line":97,"column":4},"end":{"line":106,"column":5}},"type":"if","locations":[{"start":{"line":97,"column":4},"end":{"line":106,"column":5}}]},"4":{"loc":{"start":{"line":99,"column":6},"end":{"line":105,"column":7}},"type":"if","locations":[{"start":{"line":99,"column":6},"end":{"line":105,"column":7}}]},"5":{"loc":{"start":{"line":99,"column":10},"end":{"line":99,"column":58}},"type":"binary-expr","locations":[{"start":{"line":99,"column":10},"end":{"line":99,"column":20}},{"start":{"line":99,"column":24},"end":{"line":99,"column":58}}]},"6":{"loc":{"start":{"line":101,"column":8},"end":{"line":104,"column":9}},"type":"if","locations":[{"start":{"line":101,"column":8},"end":{"line":104,"column":9}}]},"7":{"loc":{"start":{"line":109,"column":4},"end":{"line":119,"column":5}},"type":"if","locations":[{"start":{"line":109,"column":4},"end":{"line":119,"column":5}}]},"8":{"loc":{"start":{"line":109,"column":8},"end":{"line":109,"column":84}},"type":"binary-expr","locations":[{"start":{"line":109,"column":8},"end":{"line":109,"column":42}},{"start":{"line":109,"column":46},"end":{"line":109,"column":84}}]},"9":{"loc":{"start":{"line":111,"column":6},"end":{"line":118,"column":7}},"type":"if","locations":[{"start":{"line":111,"column":6},"end":{"line":118,"column":7}}]},"10":{"loc":{"start":{"line":115,"column":8},"end":{"line":117,"column":9}},"type":"if","locations":[{"start":{"line":115,"column":8},"end":{"line":117,"column":9}}]},"11":{"loc":{"start":{"line":122,"column":4},"end":{"line":173,"column":5}},"type":"if","locations":[{"start":{"line":122,"column":4},"end":{"line":173,"column":5}}]},"12":{"loc":{"start":{"line":123,"column":6},"end":{"line":146,"column":7}},"type":"if","locations":[{"start":{"line":123,"column":6},"end":{"line":146,"column":7}}]},"13":{"loc":{"start":{"line":125,"column":11},"end":{"line":127,"column":18}},"type":"binary-expr","locations":[{"start":{"line":125,"column":11},"end":{"line":125,"column":43}},{"start":{"line":126,"column":10},"end":{"line":126,"column":67}},{"start":{"line":127,"column":10},"end":{"line":127,"column":18}}]},"14":{"loc":{"start":{"line":133,"column":8},"end":{"line":145,"column":9}},"type":"if","locations":[{"start":{"line":133,"column":8},"end":{"line":145,"column":9}}]},"15":{"loc":{"start":{"line":154,"column":6},"end":{"line":172,"column":7}},"type":"if","locations":[{"start":{"line":154,"column":6},"end":{"line":172,"column":7}}]},"16":{"loc":{"start":{"line":154,"column":10},"end":{"line":154,"column":72}},"type":"binary-expr","locations":[{"start":{"line":154,"column":10},"end":{"line":154,"column":46}},{"start":{"line":154,"column":50},"end":{"line":154,"column":72}}]},"17":{"loc":{"start":{"line":156,"column":10},"end":{"line":156,"column":80}},"type":"binary-expr","locations":[{"start":{"line":156,"column":10},"end":{"line":156,"column":67}},{"start":{"line":156,"column":71},"end":{"line":156,"column":80}}]},"18":{"loc":{"start":{"line":160,"column":8},"end":{"line":171,"column":9}},"type":"if","locations":[{"start":{"line":160,"column":8},"end":{"line":171,"column":9}}]},"19":{"loc":{"start":{"line":184,"column":22},"end":{"line":184,"column":62}},"type":"binary-expr","locations":[{"start":{"line":184,"column":22},"end":{"line":184,"column":56}},{"start":{"line":184,"column":60},"end":{"line":184,"column":62}}]},"20":{"loc":{"start":{"line":186,"column":4},"end":{"line":197,"column":5}},"type":"if","locations":[{"start":{"line":186,"column":4},"end":{"line":197,"column":5}}]},"21":{"loc":{"start":{"line":199,"column":4},"end":{"line":211,"column":5}},"type":"if","locations":[{"start":{"line":199,"column":4},"end":{"line":211,"column":5}}]},"22":{"loc":{"start":{"line":226,"column":32},"end":{"line":226,"column":64}},"type":"binary-expr","locations":[{"start":{"line":226,"column":32},"end":{"line":226,"column":57}},{"start":{"line":226,"column":61},"end":{"line":226,"column":64}}]},"23":{"loc":{"start":{"line":226,"column":70},"end":{"line":226,"column":103}},"type":"binary-expr","locations":[{"start":{"line":226,"column":70},"end":{"line":226,"column":96}},{"start":{"line":226,"column":100},"end":{"line":226,"column":103}}]},"24":{"loc":{"start":{"line":232,"column":7},"end":{"line":234,"column":12}},"type":"cond-expr","locations":[{"start":{"line":233,"column":10},"end":{"line":233,"column":77}},{"start":{"line":234,"column":10},"end":{"line":234,"column":12}}]},"25":{"loc":{"start":{"line":249,"column":4},"end":{"line":258,"column":5}},"type":"if","locations":[{"start":{"line":249,"column":4},"end":{"line":258,"column":5}}]},"26":{"loc":{"start":{"line":249,"column":8},"end":{"line":249,"column":63}},"type":"binary-expr","locations":[{"start":{"line":249,"column":8},"end":{"line":249,"column":32}},{"start":{"line":249,"column":36},"end":{"line":249,"column":63}}]},"27":{"loc":{"start":{"line":251,"column":6},"end":{"line":257,"column":7}},"type":"if","locations":[{"start":{"line":251,"column":6},"end":{"line":257,"column":7}}]},"28":{"loc":{"start":{"line":254,"column":8},"end":{"line":256,"column":9}},"type":"if","locations":[{"start":{"line":254,"column":8},"end":{"line":256,"column":9}}]},"29":{"loc":{"start":{"line":262,"column":4},"end":{"line":262,"column":62}},"type":"if","locations":[{"start":{"line":262,"column":4},"end":{"line":262,"column":62}}]},"30":{"loc":{"start":{"line":273,"column":4},"end":{"line":273,"column":35}},"type":"if","locations":[{"start":{"line":273,"column":4},"end":{"line":273,"column":35}}]},"31":{"loc":{"start":{"line":276,"column":21},"end":{"line":276,"column":84}},"type":"binary-expr","locations":[{"start":{"line":276,"column":21},"end":{"line":276,"column":78}},{"start":{"line":276,"column":82},"end":{"line":276,"column":84}}]},"32":{"loc":{"start":{"line":277,"column":4},"end":{"line":277,"column":78}},"type":"if","locations":[{"start":{"line":277,"column":4},"end":{"line":277,"column":78}}]},"33":{"loc":{"start":{"line":277,"column":8},"end":{"line":277,"column":62}},"type":"binary-expr","locations":[{"start":{"line":277,"column":8},"end":{"line":277,"column":33}},{"start":{"line":277,"column":37},"end":{"line":277,"column":62}}]},"34":{"loc":{"start":{"line":278,"column":4},"end":{"line":278,"column":88}},"type":"if","locations":[{"start":{"line":278,"column":4},"end":{"line":278,"column":88}}]},"35":{"loc":{"start":{"line":278,"column":8},"end":{"line":278,"column":63}},"type":"binary-expr","locations":[{"start":{"line":278,"column":8},"end":{"line":278,"column":32}},{"start":{"line":278,"column":36},"end":{"line":278,"column":63}}]},"36":{"loc":{"start":{"line":279,"column":4},"end":{"line":284,"column":22}},"type":"if","locations":[{"start":{"line":279,"column":4},"end":{"line":284,"column":22}}]},"37":{"loc":{"start":{"line":280,"column":6},"end":{"line":282,"column":32}},"type":"binary-expr","locations":[{"start":{"line":280,"column":6},"end":{"line":280,"column":39}},{"start":{"line":281,"column":6},"end":{"line":281,"column":35}},{"start":{"line":282,"column":6},"end":{"line":282,"column":32}}]},"38":{"loc":{"start":{"line":287,"column":24},"end":{"line":287,"column":87}},"type":"binary-expr","locations":[{"start":{"line":287,"column":24},"end":{"line":287,"column":81}},{"start":{"line":287,"column":85},"end":{"line":287,"column":87}}]},"39":{"loc":{"start":{"line":288,"column":18},"end":{"line":288,"column":44}},"type":"binary-expr","locations":[{"start":{"line":288,"column":18},"end":{"line":288,"column":38}},{"start":{"line":288,"column":42},"end":{"line":288,"column":44}}]},"40":{"loc":{"start":{"line":297,"column":11},"end":{"line":297,"column":67}},"type":"cond-expr","locations":[{"start":{"line":297,"column":32},"end":{"line":297,"column":50}},{"start":{"line":297,"column":53},"end":{"line":297,"column":67}}]}},"s":{"0":1,"1":1,"2":9,"3":9,"4":9,"5":9,"6":9,"7":9,"8":9,"9":14,"10":14,"11":8,"12":6,"13":6,"14":1,"15":1,"16":5,"17":5,"18":1,"19":1,"20":4,"21":4,"22":4,"23":4,"24":4,"25":4,"26":2,"27":2,"28":2,"29":2,"30":2,"31":2,"32":2,"33":2,"34":2,"35":1,"36":1,"37":0,"38":0,"39":0,"40":0,"41":0,"42":0,"43":0,"44":0,"45":0,"46":0,"47":0,"48":1,"49":8,"50":8,"51":8,"52":0,"53":8,"54":2,"55":6,"56":6,"57":6,"58":6,"59":6,"60":0,"61":6,"62":6,"63":1,"64":1,"65":1,"66":1,"67":1,"68":1,"69":1,"70":3,"71":3,"72":0,"73":0,"74":0,"75":0,"76":0,"77":0,"78":0,"79":0,"80":0,"81":0,"82":0,"83":0,"84":0,"85":0,"86":0,"87":0,"88":0,"89":0,"90":1},"f":{"0":9,"1":14,"2":8,"3":0,"4":1,"5":3,"6":0,"7":0,"8":0,"9":0},"b":{"0":[8],"1":[1],"2":[1],"3":[4],"4":[4],"5":[4,4],"6":[2],"7":[2],"8":[2,2],"9":[2],"10":[1],"11":[0],"12":[0],"13":[0,0,0],"14":[0],"15":[0],"16":[0,0],"17":[0,0],"18":[0],"19":[8,0],"20":[0],"21":[2],"22":[0,0],"23":[0,0],"24":[0,6],"25":[1],"26":[1,0],"27":[1],"28":[1],"29":[3],"30":[0],"31":[0,0],"32":[0],"33":[0,0],"34":[0],"35":[0,0],"36":[0],"37":[0,0,0],"38":[0,0],"39":[0,0],"40":[0,0]}}
,"C:\\Github\\governed-ai-ide\\src\\hooks\\ScopeEnforcer.ts": {"path":"C:\\Github\\governed-ai-ide\\src\\hooks\\ScopeEnforcer.ts","statementMap":{"0":{"start":{"line":8,"column":0},"end":{"line":8,"column":25}},"1":{"start":{"line":9,"column":0},"end":{"line":9,"column":29}},"2":{"start":{"line":10,"column":0},"end":{"line":10,"column":38}},"3":{"start":{"line":17,"column":10},"end":{"line":17,"column":41}},"4":{"start":{"line":20,"column":4},"end":{"line":20,"column":25}},"5":{"start":{"line":21,"column":4},"end":{"line":21,"column":39}},"6":{"start":{"line":22,"column":4},"end":{"line":22,"column":28}},"7":{"start":{"line":33,"column":23},"end":{"line":35,"column":null}},"8":{"start":{"line":37,"column":4},"end":{"line":40,"column":5}},"9":{"start":{"line":38,"column":6},"end":{"line":38,"column":32}},"10":{"start":{"line":39,"column":6},"end":{"line":39,"column":13}},"11":{"start":{"line":41,"column":16},"end":{"line":41,"column":51}},"12":{"start":{"line":42,"column":4},"end":{"line":45,"column":46}},"13":{"start":{"line":44,"column":18},"end":{"line":44,"column":26}},"14":{"start":{"line":45,"column":21},"end":{"line":45,"column":44}},"15":{"start":{"line":49,"column":4},"end":{"line":51,"column":6}},"16":{"start":{"line":50,"column":6},"end":{"line":50,"column":65}},"17":{"start":{"line":61,"column":20},"end":{"line":63,"column":16}},"18":{"start":{"line":66,"column":4},"end":{"line":75,"column":5}},"19":{"start":{"line":67,"column":6},"end":{"line":74,"column":8}},"20":{"start":{"line":78,"column":20},"end":{"line":78,"column":71}},"21":{"start":{"line":79,"column":4},"end":{"line":91,"column":5}},"22":{"start":{"line":80,"column":21},"end":{"line":80,"column":57}},"23":{"start":{"line":81,"column":23},"end":{"line":81,"column":66}},"24":{"start":{"line":82,"column":6},"end":{"line":90,"column":8}},"25":{"start":{"line":93,"column":4},"end":{"line":93,"column":16}},"26":{"start":{"line":98,"column":4},"end":{"line":98,"column":28}},"27":{"start":{"line":102,"column":4},"end":{"line":102,"column":37}},"28":{"start":{"line":14,"column":0},"end":{"line":14,"column":13}}},"fnMap":{"0":{"name":"(anonymous_9)","decl":{"start":{"line":19,"column":2},"end":{"line":19,"column":14}},"loc":{"start":{"line":19,"column":68},"end":{"line":23,"column":3}}},"1":{"name":"(anonymous_10)","decl":{"start":{"line":32,"column":10},"end":{"line":32,"column":26}},"loc":{"start":{"line":32,"column":26},"end":{"line":46,"column":3}}},"2":{"name":"(anonymous_11)","decl":{"start":{"line":44,"column":11},"end":{"line":44,"column":12}},"loc":{"start":{"line":44,"column":18},"end":{"line":44,"column":26}}},"3":{"name":"(anonymous_12)","decl":{"start":{"line":45,"column":14},"end":{"line":45,"column":15}},"loc":{"start":{"line":45,"column":21},"end":{"line":45,"column":44}}},"4":{"name":"(anonymous_13)","decl":{"start":{"line":48,"column":10},"end":{"line":48,"column":19}},"loc":{"start":{"line":48,"column":35},"end":{"line":52,"column":3}}},"5":{"name":"(anonymous_14)","decl":{"start":{"line":49,"column":37},"end":{"line":49,"column":38}},"loc":{"start":{"line":50,"column":6},"end":{"line":50,"column":65}}},"6":{"name":"(anonymous_15)","decl":{"start":{"line":60,"column":2},"end":{"line":60,"column":9}},"loc":{"start":{"line":60,"column":44},"end":{"line":94,"column":3}}},"7":{"name":"(anonymous_16)","decl":{"start":{"line":97,"column":2},"end":{"line":97,"column":8}},"loc":{"start":{"line":97,"column":8},"end":{"line":99,"column":3}}},"8":{"name":"(anonymous_17)","decl":{"start":{"line":101,"column":2},"end":{"line":101,"column":20}},"loc":{"start":{"line":101,"column":20},"end":{"line":103,"column":3}}}},"branchMap":{"0":{"loc":{"start":{"line":37,"column":4},"end":{"line":40,"column":5}},"type":"if","locations":[{"start":{"line":37,"column":4},"end":{"line":40,"column":5}}]},"1":{"loc":{"start":{"line":45,"column":21},"end":{"line":45,"column":44}},"type":"binary-expr","locations":[{"start":{"line":45,"column":21},"end":{"line":45,"column":22}},{"start":{"line":45,"column":26},"end":{"line":45,"column":44}}]},"2":{"loc":{"start":{"line":61,"column":20},"end":{"line":63,"column":16}},"type":"cond-expr","locations":[{"start":{"line":62,"column":8},"end":{"line":62,"column":58}},{"start":{"line":63,"column":8},"end":{"line":63,"column":16}}]},"3":{"loc":{"start":{"line":66,"column":4},"end":{"line":75,"column":5}},"type":"if","locations":[{"start":{"line":66,"column":4},"end":{"line":75,"column":5}}]},"4":{"loc":{"start":{"line":79,"column":4},"end":{"line":91,"column":5}},"type":"if","locations":[{"start":{"line":79,"column":4},"end":{"line":91,"column":5}}]},"5":{"loc":{"start":{"line":81,"column":23},"end":{"line":81,"column":66}},"type":"binary-expr","locations":[{"start":{"line":81,"column":23},"end":{"line":81,"column":53}},{"start":{"line":81,"column":57},"end":{"line":81,"column":66}}]}},"s":{"0":1,"1":1,"2":1,"3":9,"4":9,"5":9,"6":9,"7":9,"8":9,"9":0,"10":0,"11":9,"12":9,"13":36,"14":36,"15":4,"16":11,"17":4,"18":4,"19":1,"20":3,"21":3,"22":1,"23":1,"24":1,"25":2,"26":0,"27":0,"28":1},"f":{"0":9,"1":9,"2":36,"3":36,"4":4,"5":11,"6":4,"7":0,"8":0},"b":{"0":[0],"1":[36,27],"2":[4,0],"3":[1],"4":[1],"5":[1,0]}}
,"C:\\Github\\governed-ai-ide\\src\\hooks\\StateMachine.ts": {"path":"C:\\Github\\governed-ai-ide\\src\\hooks\\StateMachine.ts","statementMap":{"0":{"start":{"line":14,"column":0},"end":{"line":14,"column":36}},"1":{"start":{"line":18,"column":10},"end":{"line":18,"column":58}},"2":{"start":{"line":26,"column":22},"end":{"line":26,"column":30}},"3":{"start":{"line":27,"column":32},"end":{"line":36,"column":6}},"4":{"start":{"line":37,"column":4},"end":{"line":37,"column":40}},"5":{"start":{"line":38,"column":4},"end":{"line":38,"column":17}},"6":{"start":{"line":43,"column":4},"end":{"line":45,"column":5}},"7":{"start":{"line":44,"column":6},"end":{"line":44,"column":43}},"8":{"start":{"line":46,"column":18},"end":{"line":46,"column":48}},"9":{"start":{"line":48,"column":4},"end":{"line":48,"column":32}},"10":{"start":{"line":49,"column":4},"end":{"line":49,"column":40}},"11":{"start":{"line":50,"column":4},"end":{"line":50,"column":17}},"12":{"start":{"line":54,"column":4},"end":{"line":54,"column":48}},"13":{"start":{"line":64,"column":18},"end":{"line":64,"column":45}},"14":{"start":{"line":65,"column":4},"end":{"line":65,"column":34}},"15":{"start":{"line":66,"column":4},"end":{"line":66,"column":37}},"16":{"start":{"line":67,"column":4},"end":{"line":67,"column":32}},"17":{"start":{"line":68,"column":4},"end":{"line":68,"column":50}},"18":{"start":{"line":69,"column":4},"end":{"line":69,"column":40}},"19":{"start":{"line":70,"column":4},"end":{"line":70,"column":17}},"20":{"start":{"line":78,"column":18},"end":{"line":78,"column":45}},"21":{"start":{"line":79,"column":4},"end":{"line":79,"column":28}},"22":{"start":{"line":80,"column":4},"end":{"line":80,"column":50}},"23":{"start":{"line":81,"column":4},"end":{"line":81,"column":40}},"24":{"start":{"line":82,"column":4},"end":{"line":82,"column":17}},"25":{"start":{"line":89,"column":4},"end":{"line":89,"column":54}},"26":{"start":{"line":96,"column":18},"end":{"line":96,"column":45}},"27":{"start":{"line":97,"column":4},"end":{"line":97,"column":36}},"28":{"start":{"line":98,"column":4},"end":{"line":98,"column":32}},"29":{"start":{"line":99,"column":4},"end":{"line":99,"column":30}},"30":{"start":{"line":100,"column":4},"end":{"line":100,"column":32}},"31":{"start":{"line":101,"column":4},"end":{"line":101,"column":50}},"32":{"start":{"line":102,"column":4},"end":{"line":102,"column":40}},"33":{"start":{"line":109,"column":18},"end":{"line":109,"column":45}},"34":{"start":{"line":110,"column":4},"end":{"line":110,"column":44}},"35":{"start":{"line":111,"column":4},"end":{"line":111,"column":40}},"36":{"start":{"line":116,"column":18},"end":{"line":116,"column":44}},"37":{"start":{"line":117,"column":4},"end":{"line":117,"column":53}},"38":{"start":{"line":123,"column":18},"end":{"line":123,"column":44}},"39":{"start":{"line":124,"column":4},"end":{"line":124,"column":44}},"40":{"start":{"line":128,"column":18},"end":{"line":128,"column":44}},"41":{"start":{"line":129,"column":4},"end":{"line":129,"column":38}},"42":{"start":{"line":133,"column":4},"end":{"line":133,"column":60}},"43":{"start":{"line":140,"column":4},"end":{"line":140,"column":46}},"44":{"start":{"line":144,"column":4},"end":{"line":144,"column":30}},"45":{"start":{"line":17,"column":0},"end":{"line":17,"column":13}}},"fnMap":{"0":{"name":"(anonymous_0)","decl":{"start":{"line":17,"column":0},"end":{"line":17,"column":13}},"loc":{"start":{"line":17,"column":0},"end":{"line":146,"column":1}}},"1":{"name":"(anonymous_1)","decl":{"start":{"line":23,"column":2},"end":{"line":23,"column":15}},"loc":{"start":{"line":24,"column":23},"end":{"line":39,"column":3}}},"2":{"name":"(anonymous_2)","decl":{"start":{"line":42,"column":2},"end":{"line":42,"column":13}},"loc":{"start":{"line":42,"column":52},"end":{"line":51,"column":3}}},"3":{"name":"(anonymous_3)","decl":{"start":{"line":53,"column":2},"end":{"line":53,"column":12}},"loc":{"start":{"line":53,"column":30},"end":{"line":55,"column":3}}},"4":{"name":"(anonymous_4)","decl":{"start":{"line":63,"column":2},"end":{"line":63,"column":20}},"loc":{"start":{"line":63,"column":60},"end":{"line":71,"column":3}}},"5":{"name":"(anonymous_5)","decl":{"start":{"line":77,"column":2},"end":{"line":77,"column":21}},"loc":{"start":{"line":77,"column":39},"end":{"line":83,"column":3}}},"6":{"name":"(anonymous_6)","decl":{"start":{"line":88,"column":2},"end":{"line":88,"column":9}},"loc":{"start":{"line":88,"column":49},"end":{"line":90,"column":3}}},"7":{"name":"(anonymous_7)","decl":{"start":{"line":95,"column":2},"end":{"line":95,"column":7}},"loc":{"start":{"line":95,"column":25},"end":{"line":103,"column":3}}},"8":{"name":"(anonymous_8)","decl":{"start":{"line":108,"column":2},"end":{"line":108,"column":14}},"loc":{"start":{"line":108,"column":64},"end":{"line":112,"column":3}}},"9":{"name":"(anonymous_9)","decl":{"start":{"line":115,"column":2},"end":{"line":115,"column":13}},"loc":{"start":{"line":115,"column":49},"end":{"line":118,"column":3}}},"10":{"name":"(anonymous_10)","decl":{"start":{"line":122,"column":2},"end":{"line":122,"column":16}},"loc":{"start":{"line":122,"column":34},"end":{"line":125,"column":3}}},"11":{"name":"(anonymous_11)","decl":{"start":{"line":127,"column":2},"end":{"line":127,"column":11}},"loc":{"start":{"line":127,"column":29},"end":{"line":130,"column":3}}},"12":{"name":"(anonymous_12)","decl":{"start":{"line":132,"column":2},"end":{"line":132,"column":18}},"loc":{"start":{"line":132,"column":36},"end":{"line":134,"column":3}}},"13":{"name":"(anonymous_13)","decl":{"start":{"line":139,"column":2},"end":{"line":139,"column":16}},"loc":{"start":{"line":139,"column":16},"end":{"line":141,"column":3}}},"14":{"name":"(anonymous_14)","decl":{"start":{"line":143,"column":2},"end":{"line":143,"column":17}},"loc":{"start":{"line":143,"column":17},"end":{"line":145,"column":3}}}},"branchMap":{"0":{"loc":{"start":{"line":35,"column":18},"end":{"line":35,"column":41}},"type":"binary-expr","locations":[{"start":{"line":35,"column":18},"end":{"line":35,"column":28}},{"start":{"line":35,"column":32},"end":{"line":35,"column":41}}]},"1":{"loc":{"start":{"line":43,"column":4},"end":{"line":45,"column":5}},"type":"if","locations":[{"start":{"line":43,"column":4},"end":{"line":45,"column":5}}]},"2":{"loc":{"start":{"line":54,"column":11},"end":{"line":54,"column":47}},"type":"binary-expr","locations":[{"start":{"line":54,"column":11},"end":{"line":54,"column":39}},{"start":{"line":54,"column":43},"end":{"line":54,"column":47}}]},"3":{"loc":{"start":{"line":117,"column":11},"end":{"line":117,"column":52}},"type":"binary-expr","locations":[{"start":{"line":117,"column":11},"end":{"line":117,"column":44}},{"start":{"line":117,"column":48},"end":{"line":117,"column":52}}]},"4":{"loc":{"start":{"line":133,"column":11},"end":{"line":133,"column":59}},"type":"binary-expr","locations":[{"start":{"line":133,"column":11},"end":{"line":133,"column":51}},{"start":{"line":133,"column":55},"end":{"line":133,"column":59}}]}},"s":{"0":1,"1":9,"2":9,"3":9,"4":9,"5":9,"6":17,"7":17,"8":0,"9":0,"10":0,"11":0,"12":6,"13":6,"14":6,"15":6,"16":6,"17":6,"18":6,"19":6,"20":3,"21":3,"22":3,"23":3,"24":3,"25":0,"26":0,"27":0,"28":0,"29":0,"30":0,"31":0,"32":0,"33":3,"34":3,"35":3,"36":3,"37":3,"38":0,"39":0,"40":0,"41":0,"42":0,"43":0,"44":0,"45":1},"f":{"0":9,"1":9,"2":17,"3":6,"4":6,"5":3,"6":0,"7":0,"8":3,"9":3,"10":0,"11":0,"12":0,"13":0,"14":0},"b":{"0":[9,8],"1":[17],"2":[6,0],"3":[3,2],"4":[0,0]}}
,"C:\\Github\\governed-ai-ide\\src\\hooks\\TraceLogger.ts": {"path":"C:\\Github\\governed-ai-ide\\src\\hooks\\TraceLogger.ts","statementMap":{"0":{"start":{"line":9,"column":0},"end":{"line":9,"column":25}},"1":{"start":{"line":10,"column":0},"end":{"line":10,"column":29}},"2":{"start":{"line":11,"column":0},"end":{"line":11,"column":41}},"3":{"start":{"line":12,"column":0},"end":{"line":12,"column":36}},"4":{"start":{"line":13,"column":0},"end":{"line":13,"column":48}},"5":{"start":{"line":26,"column":4},"end":{"line":26,"column":25}},"6":{"start":{"line":27,"column":4},"end":{"line":27,"column":77}},"7":{"start":{"line":55,"column":8},"end":{"line":55,"column":14}},"8":{"start":{"line":58,"column":19},"end":{"line":66,"column":10}},"9":{"start":{"line":68,"column":25},"end":{"line":70,"column":16}},"10":{"start":{"line":72,"column":35},"end":{"line":92,"column":6}},"11":{"start":{"line":85,"column":47},"end":{"line":88,"column":14}},"12":{"start":{"line":94,"column":35},"end":{"line":100,"column":6}},"13":{"start":{"line":102,"column":4},"end":{"line":102,"column":28}},"14":{"start":{"line":103,"column":4},"end":{"line":103,"column":17}},"15":{"start":{"line":115,"column":23},"end":{"line":117,"column":null}},"16":{"start":{"line":120,"column":22},"end":{"line":120,"column":46}},"17":{"start":{"line":121,"column":18},"end":{"line":130,"column":16}},"18":{"start":{"line":132,"column":4},"end":{"line":132,"column":49}},"19":{"start":{"line":139,"column":4},"end":{"line":139,"column":50}},"20":{"start":{"line":139,"column":40},"end":{"line":139,"column":50}},"21":{"start":{"line":140,"column":18},"end":{"line":140,"column":85}},"22":{"start":{"line":141,"column":4},"end":{"line":149,"column":83}},"23":{"start":{"line":143,"column":8},"end":{"line":147,"column":9}},"24":{"start":{"line":144,"column":10},"end":{"line":144,"column":50}},"25":{"start":{"line":146,"column":10},"end":{"line":146,"column":22}},"26":{"start":{"line":149,"column":43},"end":{"line":149,"column":81}},"27":{"start":{"line":154,"column":4},"end":{"line":154,"column":50}},"28":{"start":{"line":154,"column":40},"end":{"line":154,"column":50}},"29":{"start":{"line":155,"column":18},"end":{"line":155,"column":85}},"30":{"start":{"line":156,"column":4},"end":{"line":168,"column":8}},"31":{"start":{"line":158,"column":8},"end":{"line":162,"column":9}},"32":{"start":{"line":159,"column":10},"end":{"line":159,"column":50}},"33":{"start":{"line":161,"column":10},"end":{"line":161,"column":22}},"34":{"start":{"line":166,"column":10},"end":{"line":167,"column":58}},"35":{"start":{"line":167,"column":30},"end":{"line":167,"column":57}},"36":{"start":{"line":173,"column":4},"end":{"line":173,"column":50}},"37":{"start":{"line":173,"column":40},"end":{"line":173,"column":50}},"38":{"start":{"line":174,"column":18},"end":{"line":177,"column":22}},"39":{"start":{"line":178,"column":4},"end":{"line":187,"column":55}},"40":{"start":{"line":181,"column":8},"end":{"line":185,"column":9}},"41":{"start":{"line":182,"column":10},"end":{"line":182,"column":50}},"42":{"start":{"line":184,"column":10},"end":{"line":184,"column":22}},"43":{"start":{"line":187,"column":43},"end":{"line":187,"column":53}},"44":{"start":{"line":193,"column":4},"end":{"line":193,"column":68}},"45":{"start":{"line":194,"column":4},"end":{"line":194,"column":76}},"46":{"start":{"line":198,"column":4},"end":{"line":207,"column":5}},"47":{"start":{"line":199,"column":6},"end":{"line":204,"column":16}},"48":{"start":{"line":206,"column":6},"end":{"line":206,"column":22}},"49":{"start":{"line":21,"column":0},"end":{"line":21,"column":13}}},"fnMap":{"0":{"name":"(anonymous_9)","decl":{"start":{"line":25,"column":2},"end":{"line":25,"column":14}},"loc":{"start":{"line":25,"column":38},"end":{"line":28,"column":3}}},"1":{"name":"(anonymous_10)","decl":{"start":{"line":36,"column":2},"end":{"line":36,"column":14}},"loc":{"start":{"line":45,"column":3},"end":{"line":104,"column":3}}},"2":{"name":"(anonymous_11)","decl":{"start":{"line":85,"column":39},"end":{"line":85,"column":40}},"loc":{"start":{"line":85,"column":47},"end":{"line":88,"column":14}}},"3":{"name":"(anonymous_12)","decl":{"start":{"line":109,"column":2},"end":{"line":109,"column":11}},"loc":{"start":{"line":114,"column":3},"end":{"line":133,"column":3}}},"4":{"name":"(anonymous_13)","decl":{"start":{"line":138,"column":2},"end":{"line":138,"column":21}},"loc":{"start":{"line":138,"column":38},"end":{"line":150,"column":3}}},"5":{"name":"(anonymous_14)","decl":{"start":{"line":142,"column":11},"end":{"line":142,"column":12}},"loc":{"start":{"line":142,"column":17},"end":{"line":148,"column":7}}},"6":{"name":"(anonymous_15)","decl":{"start":{"line":149,"column":14},"end":{"line":149,"column":15}},"loc":{"start":{"line":149,"column":43},"end":{"line":149,"column":81}}},"7":{"name":"(anonymous_16)","decl":{"start":{"line":153,"column":2},"end":{"line":153,"column":19}},"loc":{"start":{"line":153,"column":35},"end":{"line":169,"column":3}}},"8":{"name":"(anonymous_17)","decl":{"start":{"line":157,"column":11},"end":{"line":157,"column":12}},"loc":{"start":{"line":157,"column":17},"end":{"line":163,"column":7}}},"9":{"name":"(anonymous_18)","decl":{"start":{"line":165,"column":8},"end":{"line":165,"column":9}},"loc":{"start":{"line":166,"column":10},"end":{"line":167,"column":58}}},"10":{"name":"(anonymous_19)","decl":{"start":{"line":167,"column":23},"end":{"line":167,"column":24}},"loc":{"start":{"line":167,"column":30},"end":{"line":167,"column":57}}},"11":{"name":"(anonymous_20)","decl":{"start":{"line":172,"column":2},"end":{"line":172,"column":18}},"loc":{"start":{"line":172,"column":25},"end":{"line":188,"column":3}}},"12":{"name":"(anonymous_21)","decl":{"start":{"line":180,"column":11},"end":{"line":180,"column":12}},"loc":{"start":{"line":180,"column":17},"end":{"line":186,"column":7}}},"13":{"name":"(anonymous_22)","decl":{"start":{"line":187,"column":14},"end":{"line":187,"column":15}},"loc":{"start":{"line":187,"column":43},"end":{"line":187,"column":53}}},"14":{"name":"(anonymous_23)","decl":{"start":{"line":192,"column":10},"end":{"line":192,"column":21}},"loc":{"start":{"line":192,"column":44},"end":{"line":195,"column":3}}},"15":{"name":"(anonymous_24)","decl":{"start":{"line":197,"column":10},"end":{"line":197,"column":19}},"loc":{"start":{"line":197,"column":19},"end":{"line":208,"column":3}}}},"branchMap":{"0":{"loc":{"start":{"line":54,"column":6},"end":{"line":54,"column":30}},"type":"default-arg","locations":[{"start":{"line":54,"column":28},"end":{"line":54,"column":30}}]},"1":{"loc":{"start":{"line":58,"column":19},"end":{"line":66,"column":10}},"type":"cond-expr","locations":[{"start":{"line":59,"column":8},"end":{"line":59,"column":60}},{"start":{"line":60,"column":8},"end":{"line":66,"column":10}}]},"2":{"loc":{"start":{"line":68,"column":25},"end":{"line":70,"column":16}},"type":"cond-expr","locations":[{"start":{"line":69,"column":8},"end":{"line":69,"column":58}},{"start":{"line":70,"column":8},"end":{"line":70,"column":16}}]},"3":{"loc":{"start":{"line":139,"column":4},"end":{"line":139,"column":50}},"type":"if","locations":[{"start":{"line":139,"column":4},"end":{"line":139,"column":50}}]},"4":{"loc":{"start":{"line":149,"column":43},"end":{"line":149,"column":81}},"type":"binary-expr","locations":[{"start":{"line":149,"column":43},"end":{"line":149,"column":53}},{"start":{"line":149,"column":57},"end":{"line":149,"column":81}}]},"5":{"loc":{"start":{"line":154,"column":4},"end":{"line":154,"column":50}},"type":"if","locations":[{"start":{"line":154,"column":4},"end":{"line":154,"column":50}}]},"6":{"loc":{"start":{"line":166,"column":10},"end":{"line":167,"column":58}},"type":"binary-expr","locations":[{"start":{"line":166,"column":10},"end":{"line":166,"column":20}},{"start":{"line":167,"column":10},"end":{"line":167,"column":58}}]},"7":{"loc":{"start":{"line":172,"column":19},"end":{"line":172,"column":25}},"type":"default-arg","locations":[{"start":{"line":172,"column":23},"end":{"line":172,"column":25}}]},"8":{"loc":{"start":{"line":173,"column":4},"end":{"line":173,"column":50}},"type":"if","locations":[{"start":{"line":173,"column":4},"end":{"line":173,"column":50}}]}},"s":{"0":1,"1":1,"2":1,"3":1,"4":1,"5":9,"6":9,"7":1,"8":1,"9":1,"10":1,"11":1,"12":1,"13":1,"14":1,"15":0,"16":0,"17":0,"18":0,"19":6,"20":6,"21":0,"22":0,"23":0,"24":0,"25":0,"26":0,"27":0,"28":0,"29":0,"30":0,"31":0,"32":0,"33":0,"34":0,"35":0,"36":0,"37":0,"38":0,"39":0,"40":0,"41":0,"42":0,"43":0,"44":1,"45":1,"46":1,"47":1,"48":1,"49":1},"f":{"0":9,"1":1,"2":1,"3":0,"4":6,"5":0,"6":0,"7":0,"8":0,"9":0,"10":0,"11":0,"12":0,"13":0,"14":1,"15":1},"b":{"0":[0],"1":[0,1],"2":[1,0],"3":[6],"4":[0,0],"5":[0],"6":[0,0],"7":[0],"8":[0]}}
}
