TN:
SF:src\hooks\CommandClassifier.ts
FN:61,(anonymous_0)
FN:78,(anonymous_1)
FN:94,(anonymous_2)
FN:104,(anonymous_3)
FN:121,(anonymous_4)
FNF:5
FNH:3
FNDA:10,(anonymous_0)
FNDA:0,(anonymous_1)
FNDA:7,(anonymous_2)
FNDA:10,(anonymous_3)
FNDA:0,(anonymous_4)
DA:11,1
DA:23,1
DA:34,1
DA:42,1
DA:56,1
DA:65,10
DA:67,10
DA:68,1
DA:71,9
DA:72,6
DA:76,3
DA:77,0
DA:78,0
DA:79,0
DA:82,3
DA:83,3
DA:87,0
DA:95,7
DA:109,10
DA:110,10
DA:111,10
DA:112,10
DA:115,0
DA:125,0
DA:126,0
DA:127,0
DA:128,0
DA:131,0
LF:28
LH:18
BRDA:67,0,0,1
BRDA:71,1,0,6
BRDA:76,2,0,0
BRDA:76,3,0,3
BRDA:76,3,1,3
BRDA:77,4,0,0
BRDA:77,4,1,0
BRDA:79,5,0,0
BRDA:79,5,1,0
BRDA:82,6,0,3
BRDA:96,7,0,7
BRDA:96,7,1,0
BRDA:111,8,0,10
BRDA:127,9,0,0
BRF:14
BRH:7
end_of_record
TN:
SF:src\hooks\ConcurrencyGuard.ts
FN:25,(anonymous_9)
FN:37,(anonymous_10)
FN:77,(anonymous_11)
FNF:3
FNH:3
FNDA:3,(anonymous_9)
FNDA:2,(anonymous_10)
FNDA:2,(anonymous_11)
DA:16,1
DA:17,1
DA:20,1
DA:26,3
DA:27,3
DA:28,3
DA:42,2
DA:44,1
DA:47,1
DA:48,0
DA:59,1
DA:60,1
DA:70,0
DA:78,2
LF:14
LH:12
BRDA:26,0,0,0
BRDA:42,1,0,1
BRDA:47,2,0,0
BRDA:59,3,0,1
BRF:4
BRH:2
end_of_record
TN:
SF:src\hooks\ContentHasher.ts
FN:15,(anonymous_9)
FN:27,(anonymous_10)
FN:43,(anonymous_11)
FN:50,(anonymous_12)
FN:65,(anonymous_13)
FNF:5
FNH:4
FNDA:11,(anonymous_9)
FNDA:0,(anonymous_10)
FNDA:5,(anonymous_11)
FNDA:1,(anonymous_12)
FNDA:1,(anonymous_13)
DA:8,1
DA:10,1
DA:16,11
DA:20,11
DA:32,0
DA:34,0
DA:35,0
DA:36,0
DA:37,0
DA:44,5
DA:51,1
DA:52,1
DA:53,1
DA:54,1
DA:55,1
DA:57,0
DA:69,1
DA:70,1
DA:75,1
DA:77,1
DA:78,1
DA:80,1
DA:82,1
DA:83,5
DA:84,5
DA:85,5
DA:87,5
DA:88,2
DA:89,2
DA:90,3
DA:92,2
DA:93,2
DA:98,2
DA:103,1
DA:104,0
DA:105,0
DA:113,1
DA:114,0
DA:121,1
LF:39
LH:30
BRDA:53,0,0,0
BRDA:83,1,0,5
BRDA:83,1,1,0
BRDA:84,2,0,5
BRDA:84,2,1,0
BRDA:87,3,0,2
BRDA:87,3,1,3
BRDA:87,4,0,5
BRDA:87,4,1,2
BRDA:90,5,0,2
BRDA:90,6,0,3
BRDA:90,6,1,3
BRDA:103,7,0,0
BRDA:113,8,0,0
BRF:14
BRH:9
end_of_record
TN:
SF:src\hooks\HookEngine.ts
FN:54,(anonymous_0)
FN:83,(anonymous_1)
FN:98,(anonymous_2)
FN:105,(anonymous_3)
FN:116,(anonymous_4)
FN:127,(anonymous_5)
FN:131,(anonymous_6)
FN:135,(anonymous_7)
FN:139,(anonymous_8)
FN:145,(anonymous_9)
FN:149,(anonymous_10)
FN:155,(anonymous_11)
FNF:12
FNH:6
FNDA:9,(anonymous_0)
FNDA:9,(anonymous_1)
FNDA:18,(anonymous_2)
FNDA:14,(anonymous_3)
FNDA:2,(anonymous_4)
FNDA:9,(anonymous_5)
FNDA:0,(anonymous_6)
FNDA:0,(anonymous_7)
FNDA:0,(anonymous_8)
FNDA:0,(anonymous_9)
FNDA:0,(anonymous_10)
FNDA:0,(anonymous_11)
DA:30,1
DA:31,1
DA:32,1
DA:33,1
DA:34,1
DA:35,1
DA:43,1
DA:44,1
DA:55,9
DA:58,9
DA:59,9
DA:60,9
DA:61,9
DA:64,9
DA:73,9
DA:87,9
DA:88,9
DA:89,0
DA:93,9
DA:95,9
DA:99,18
DA:106,14
DA:107,14
DA:109,0
DA:111,0
DA:117,2
DA:118,2
DA:120,0
DA:128,9
DA:132,0
DA:136,0
DA:140,0
DA:146,0
DA:150,0
DA:156,0
LF:35
LH:25
BRDA:87,0,0,9
BRDA:88,1,0,0
BRDA:88,2,0,9
BRDA:88,2,1,9
BRF:4
BRH:3
end_of_record
TN:
SF:src\hooks\IntentManager.ts
FN:24,(anonymous_9)
FN:36,(anonymous_10)
FN:46,(anonymous_11)
FN:48,(anonymous_12)
FN:52,(anonymous_13)
FN:54,(anonymous_14)
FN:58,(anonymous_15)
FN:70,(anonymous_16)
FN:79,(anonymous_17)
FN:87,(anonymous_18)
FN:98,(anonymous_19)
FN:100,(anonymous_20)
FN:113,(anonymous_21)
FN:118,(anonymous_22)
FN:123,(anonymous_23)
FN:125,(anonymous_24)
FN:142,(anonymous_25)
FN:149,(anonymous_26)
FN:153,(anonymous_27)
FN:157,(anonymous_28)
FN:161,(anonymous_29)
FN:193,(anonymous_30)
FN:204,(anonymous_31)
FNF:23
FNH:18
FNDA:9,(anonymous_9)
FNDA:30,(anonymous_10)
FNDA:24,(anonymous_11)
FNDA:26,(anonymous_12)
FNDA:0,(anonymous_13)
FNDA:0,(anonymous_14)
FNDA:8,(anonymous_15)
FNDA:3,(anonymous_16)
FNDA:4,(anonymous_17)
FNDA:6,(anonymous_18)
FNDA:6,(anonymous_19)
FNDA:6,(anonymous_20)
FNDA:6,(anonymous_21)
FNDA:0,(anonymous_22)
FNDA:0,(anonymous_23)
FNDA:0,(anonymous_24)
FNDA:6,(anonymous_25)
FNDA:6,(anonymous_26)
FNDA:12,(anonymous_27)
FNDA:6,(anonymous_28)
FNDA:6,(anonymous_29)
FNDA:1,(anonymous_30)
FNDA:1,(anonymous_31)
DA:8,1
DA:9,1
DA:10,1
DA:11,1
DA:19,1
DA:25,9
DA:26,9
DA:30,9
DA:37,30
DA:38,0
DA:40,30
DA:41,30
DA:42,30
DA:47,24
DA:48,26
DA:53,0
DA:54,0
DA:59,8
DA:60,8
DA:61,7
DA:71,3
DA:72,3
DA:75,3
DA:79,3
DA:80,4
DA:88,6
DA:93,6
DA:94,6
DA:99,6
DA:100,6
DA:101,6
DA:103,6
DA:108,6
DA:109,6
DA:114,6
DA:119,0
DA:124,0
DA:125,0
DA:126,0
DA:127,0
DA:132,0
DA:143,6
DA:144,6
DA:145,0
DA:148,6
DA:149,6
DA:152,6
DA:153,12
DA:156,6
DA:157,6
DA:160,6
DA:161,6
DA:164,6
DA:198,1
DA:199,1
DA:200,0
DA:203,1
DA:204,1
DA:205,1
DA:208,1
DA:212,1
DA:216,1
DA:217,1
LF:63
LH:52
BRDA:37,0,0,0
BRDA:42,1,0,30
BRDA:42,1,1,0
BRDA:48,2,0,24
BRDA:48,2,1,1
BRDA:60,3,0,1
BRDA:61,4,0,7
BRDA:61,4,1,6
BRDA:72,5,0,0
BRDA:75,6,0,0
BRDA:75,6,1,3
BRDA:101,7,0,0
BRDA:126,8,0,0
BRDA:144,9,0,0
BRDA:160,10,0,6
BRDA:160,10,1,0
BRDA:199,11,0,0
BRDA:212,12,0,0
BRDA:212,12,1,1
BRF:19
BRH:9
end_of_record
TN:
SF:src\hooks\PostHookProcessor.ts
FN:38,(anonymous_9)
FN:52,(anonymous_10)
FN:80,(anonymous_11)
FN:142,(anonymous_12)
FN:157,(anonymous_13)
FN:162,(anonymous_14)
FN:180,(anonymous_15)
FN:191,(anonymous_16)
FN:204,(anonymous_17)
FNF:9
FNH:6
FNDA:9,(anonymous_9)
FNDA:2,(anonymous_10)
FNDA:1,(anonymous_11)
FNDA:1,(anonymous_12)
FNDA:2,(anonymous_13)
FNDA:0,(anonymous_14)
FNDA:0,(anonymous_15)
FNDA:1,(anonymous_16)
FNDA:0,(anonymous_17)
DA:11,1
DA:12,1
DA:16,1
DA:17,1
DA:18,1
DA:32,1
DA:44,9
DA:45,9
DA:46,9
DA:47,9
DA:53,2
DA:54,2
DA:57,2
DA:58,1
DA:59,1
DA:63,1
DA:64,1
DA:68,1
DA:69,0
DA:81,1
DA:82,1
DA:83,1
DA:85,1
DA:86,1
DA:87,1
DA:89,1
DA:90,1
DA:93,1
DA:94,1
DA:95,1
DA:97,0
DA:101,1
DA:102,1
DA:103,1
DA:106,0
DA:111,1
DA:115,1
DA:127,1
DA:128,1
DA:129,1
DA:131,1
DA:138,1
DA:139,1
DA:146,1
DA:147,1
DA:148,1
DA:149,1
DA:150,1
DA:151,1
DA:158,2
DA:159,0
DA:168,0
DA:169,0
DA:170,0
DA:173,0
DA:174,0
DA:175,0
DA:176,0
DA:177,0
DA:183,0
DA:184,0
DA:185,0
DA:186,0
DA:187,0
DA:188,0
DA:192,1
DA:196,1
DA:197,0
DA:198,0
DA:202,0
DA:203,0
DA:204,0
LF:72
LH:49
BRDA:57,0,0,1
BRDA:57,1,0,2
BRDA:57,1,1,1
BRDA:63,2,0,1
BRDA:63,3,0,1
BRDA:63,3,1,1
BRDA:68,4,0,0
BRDA:68,5,0,1
BRDA:68,5,1,0
BRDA:68,5,2,0
BRDA:73,6,0,0
BRDA:73,6,1,0
BRDA:83,7,0,0
BRDA:83,8,0,1
BRDA:83,8,1,1
BRDA:87,9,0,0
BRDA:97,10,0,0
BRDA:97,10,1,0
BRDA:103,11,0,0
BRDA:106,12,0,0
BRDA:106,12,1,0
BRDA:111,13,0,1
BRDA:111,13,1,0
BRDA:122,14,0,1
BRDA:122,14,1,0
BRDA:123,15,0,1
BRDA:123,15,1,0
BRDA:128,16,0,1
BRDA:147,17,0,0
BRDA:150,18,0,1
BRDA:158,19,0,2
BRDA:168,20,0,0
BRDA:169,21,0,0
BRDA:170,22,0,0
BRDA:174,23,0,0
BRDA:174,23,1,0
BRDA:175,24,0,0
BRDA:175,25,0,0
BRDA:175,25,1,0
BRDA:183,26,0,0
BRDA:183,27,0,0
BRDA:183,27,1,0
BRDA:184,28,0,0
BRDA:184,29,0,0
BRDA:184,29,1,0
BRDA:184,29,2,0
BRDA:186,30,0,0
BRDA:186,31,0,0
BRDA:186,31,1,0
BRDA:187,32,0,0
BRDA:196,33,0,1
BRDA:202,34,0,0
BRDA:202,34,1,0
BRF:53
BRH:16
end_of_record
TN:
SF:src\hooks\PreHookProcessor.ts
FN:41,(anonymous_0)
FN:60,(anonymous_1)
FN:180,(anonymous_2)
FN:225,(anonymous_3)
FN:244,(anonymous_4)
FN:261,(anonymous_5)
FN:266,(anonymous_6)
FN:288,(anonymous_7)
FN:293,(anonymous_8)
FN:294,(anonymous_9)
FNF:10
FNH:5
FNDA:9,(anonymous_0)
FNDA:14,(anonymous_1)
FNDA:8,(anonymous_2)
FNDA:0,(anonymous_3)
FNDA:1,(anonymous_4)
FNDA:3,(anonymous_5)
FNDA:0,(anonymous_6)
FNDA:0,(anonymous_7)
FNDA:0,(anonymous_8)
FNDA:0,(anonymous_9)
DA:15,1
DA:16,1
DA:32,1
DA:49,9
DA:50,9
DA:51,9
DA:52,9
DA:53,9
DA:54,9
DA:55,9
DA:61,14
DA:64,14
DA:65,8
DA:69,6
DA:70,6
DA:72,1
DA:73,1
DA:77,5
DA:78,5
DA:79,1
DA:80,1
DA:94,4
DA:97,4
DA:98,4
DA:99,4
DA:100,4
DA:101,4
DA:102,2
DA:103,2
DA:109,2
DA:110,2
DA:111,2
DA:112,2
DA:113,2
DA:114,2
DA:115,2
DA:116,1
DA:122,1
DA:123,0
DA:125,0
DA:129,0
DA:133,0
DA:134,0
DA:149,0
DA:154,0
DA:156,0
DA:157,0
DA:160,0
DA:161,0
DA:175,1
DA:183,8
DA:184,8
DA:186,8
DA:187,0
DA:199,8
DA:200,2
DA:213,6
DA:214,6
DA:215,6
DA:218,6
DA:221,6
DA:226,0
DA:231,6
DA:236,6
DA:249,1
DA:250,1
DA:251,1
DA:252,1
DA:253,1
DA:254,1
DA:255,1
DA:262,3
DA:263,0
DA:272,0
DA:273,0
DA:276,0
DA:277,0
DA:278,0
DA:279,0
DA:284,0
DA:287,0
DA:288,0
DA:291,0
DA:292,0
DA:294,0
DA:297,0
LF:86
LH:59
BRDA:64,0,0,8
BRDA:70,1,0,1
BRDA:78,2,0,1
BRDA:97,3,0,4
BRDA:99,4,0,4
BRDA:99,5,0,4
BRDA:99,5,1,4
BRDA:101,6,0,2
BRDA:109,7,0,2
BRDA:109,8,0,2
BRDA:109,8,1,2
BRDA:111,9,0,2
BRDA:115,10,0,1
BRDA:122,11,0,0
BRDA:123,12,0,0
BRDA:125,13,0,0
BRDA:125,13,1,0
BRDA:125,13,2,0
BRDA:133,14,0,0
BRDA:154,15,0,0
BRDA:154,16,0,0
BRDA:154,16,1,0
BRDA:156,17,0,0
BRDA:156,17,1,0
BRDA:160,18,0,0
BRDA:184,19,0,8
BRDA:184,19,1,0
BRDA:186,20,0,0
BRDA:199,21,0,2
BRDA:226,22,0,0
BRDA:226,22,1,0
BRDA:226,23,0,0
BRDA:226,23,1,0
BRDA:232,24,0,0
BRDA:232,24,1,6
BRDA:249,25,0,1
BRDA:249,26,0,1
BRDA:249,26,1,0
BRDA:251,27,0,1
BRDA:254,28,0,1
BRDA:262,29,0,3
BRDA:273,30,0,0
BRDA:276,31,0,0
BRDA:276,31,1,0
BRDA:277,32,0,0
BRDA:277,33,0,0
BRDA:277,33,1,0
BRDA:278,34,0,0
BRDA:278,35,0,0
BRDA:278,35,1,0
BRDA:279,36,0,0
BRDA:280,37,0,0
BRDA:280,37,1,0
BRDA:280,37,2,0
BRDA:287,38,0,0
BRDA:287,38,1,0
BRDA:288,39,0,0
BRDA:288,39,1,0
BRDA:297,40,0,0
BRDA:297,40,1,0
BRF:60
BRH:21
end_of_record
TN:
SF:src\hooks\ScopeEnforcer.ts
FN:19,(anonymous_9)
FN:32,(anonymous_10)
FN:44,(anonymous_11)
FN:45,(anonymous_12)
FN:48,(anonymous_13)
FN:49,(anonymous_14)
FN:60,(anonymous_15)
FN:97,(anonymous_16)
FN:101,(anonymous_17)
FNF:9
FNH:7
FNDA:9,(anonymous_9)
FNDA:9,(anonymous_10)
FNDA:36,(anonymous_11)
FNDA:36,(anonymous_12)
FNDA:4,(anonymous_13)
FNDA:11,(anonymous_14)
FNDA:4,(anonymous_15)
FNDA:0,(anonymous_16)
FNDA:0,(anonymous_17)
DA:8,1
DA:9,1
DA:10,1
DA:14,1
DA:17,9
DA:20,9
DA:21,9
DA:22,9
DA:33,9
DA:37,9
DA:38,0
DA:39,0
DA:41,9
DA:42,9
DA:44,36
DA:45,36
DA:49,4
DA:50,11
DA:61,4
DA:66,4
DA:67,1
DA:78,3
DA:79,3
DA:80,1
DA:81,1
DA:82,1
DA:93,2
DA:98,0
DA:102,0
LF:29
LH:25
BRDA:37,0,0,0
BRDA:45,1,0,36
BRDA:45,1,1,27
BRDA:61,2,0,4
BRDA:61,2,1,0
BRDA:66,3,0,1
BRDA:79,4,0,1
BRDA:81,5,0,1
BRDA:81,5,1,0
BRF:9
BRH:6
end_of_record
TN:
SF:src\hooks\StateMachine.ts
FN:17,(anonymous_0)
FN:23,(anonymous_1)
FN:42,(anonymous_2)
FN:53,(anonymous_3)
FN:63,(anonymous_4)
FN:77,(anonymous_5)
FN:88,(anonymous_6)
FN:95,(anonymous_7)
FN:108,(anonymous_8)
FN:115,(anonymous_9)
FN:122,(anonymous_10)
FN:127,(anonymous_11)
FN:132,(anonymous_12)
FN:139,(anonymous_13)
FN:143,(anonymous_14)
FNF:15
FNH:8
FNDA:9,(anonymous_0)
FNDA:9,(anonymous_1)
FNDA:17,(anonymous_2)
FNDA:6,(anonymous_3)
FNDA:6,(anonymous_4)
FNDA:3,(anonymous_5)
FNDA:0,(anonymous_6)
FNDA:0,(anonymous_7)
FNDA:3,(anonymous_8)
FNDA:3,(anonymous_9)
FNDA:0,(anonymous_10)
FNDA:0,(anonymous_11)
FNDA:0,(anonymous_12)
FNDA:0,(anonymous_13)
FNDA:0,(anonymous_14)
DA:14,1
DA:17,1
DA:18,9
DA:26,9
DA:27,9
DA:37,9
DA:38,9
DA:43,17
DA:44,17
DA:46,0
DA:48,0
DA:49,0
DA:50,0
DA:54,6
DA:64,6
DA:65,6
DA:66,6
DA:67,6
DA:68,6
DA:69,6
DA:70,6
DA:78,3
DA:79,3
DA:80,3
DA:81,3
DA:82,3
DA:89,0
DA:96,0
DA:97,0
DA:98,0
DA:99,0
DA:100,0
DA:101,0
DA:102,0
DA:109,3
DA:110,3
DA:111,3
DA:116,3
DA:117,3
DA:123,0
DA:124,0
DA:128,0
DA:129,0
DA:133,0
DA:140,0
DA:144,0
LF:46
LH:27
BRDA:35,0,0,9
BRDA:35,0,1,8
BRDA:43,1,0,17
BRDA:54,2,0,6
BRDA:54,2,1,0
BRDA:117,3,0,3
BRDA:117,3,1,2
BRDA:133,4,0,0
BRDA:133,4,1,0
BRF:9
BRH:6
end_of_record
TN:
SF:src\hooks\TraceLogger.ts
FN:25,(anonymous_9)
FN:36,(anonymous_10)
FN:85,(anonymous_11)
FN:109,(anonymous_12)
FN:138,(anonymous_13)
FN:142,(anonymous_14)
FN:149,(anonymous_15)
FN:153,(anonymous_16)
FN:157,(anonymous_17)
FN:165,(anonymous_18)
FN:167,(anonymous_19)
FN:172,(anonymous_20)
FN:180,(anonymous_21)
FN:187,(anonymous_22)
FN:192,(anonymous_23)
FN:197,(anonymous_24)
FNF:16
FNH:6
FNDA:9,(anonymous_9)
FNDA:1,(anonymous_10)
FNDA:1,(anonymous_11)
FNDA:0,(anonymous_12)
FNDA:6,(anonymous_13)
FNDA:0,(anonymous_14)
FNDA:0,(anonymous_15)
FNDA:0,(anonymous_16)
FNDA:0,(anonymous_17)
FNDA:0,(anonymous_18)
FNDA:0,(anonymous_19)
FNDA:0,(anonymous_20)
FNDA:0,(anonymous_21)
FNDA:0,(anonymous_22)
FNDA:1,(anonymous_23)
FNDA:1,(anonymous_24)
DA:9,1
DA:10,1
DA:11,1
DA:12,1
DA:13,1
DA:21,1
DA:26,9
DA:27,9
DA:55,1
DA:58,1
DA:68,1
DA:72,1
DA:85,1
DA:94,1
DA:102,1
DA:103,1
DA:115,0
DA:120,0
DA:121,0
DA:132,0
DA:139,6
DA:140,0
DA:141,0
DA:143,0
DA:144,0
DA:146,0
DA:149,0
DA:154,0
DA:155,0
DA:156,0
DA:158,0
DA:159,0
DA:161,0
DA:166,0
DA:167,0
DA:173,0
DA:174,0
DA:178,0
DA:181,0
DA:182,0
DA:184,0
DA:187,0
DA:193,1
DA:194,1
DA:198,1
DA:199,1
DA:206,1
LF:47
LH:22
BRDA:54,0,0,0
BRDA:58,1,0,0
BRDA:58,1,1,1
BRDA:68,2,0,1
BRDA:68,2,1,0
BRDA:139,3,0,6
BRDA:149,4,0,0
BRDA:149,4,1,0
BRDA:154,5,0,0
BRDA:166,6,0,0
BRDA:166,6,1,0
BRDA:172,7,0,0
BRDA:173,8,0,0
BRF:13
BRH:3
end_of_record
